#
# There is insufficient memory for the Java Runtime Environment to continue.
# Native memory allocation (malloc) failed to allocate 1402096 bytes for Chunk::new
# Possible reasons:
#   The system is out of physical RAM or swap space
#   The process is running with CompressedOops enabled, and the Java Heap may be blocking the growth of the native heap
# Possible solutions:
#   Reduce memory load on the system
#   Increase physical memory or swap space
#   Check if swap backing store is full
#   Decrease Java heap size (-Xmx/-Xms)
#   Decrease number of Java threads
#   Decrease Java thread stack sizes (-Xss)
#   Set larger code cache with -XX:ReservedCodeCacheSize=
#   JVM is running with Zero Based Compressed Oops mode in which the Java heap is
#     placed in the first 32GB address space. The Java Heap base address is the
#     maximum limit for the native heap growth. Please use -XX:HeapBaseMinAddress
#     to set the Java Heap base and to place the Java Heap above 32GB virtual address.
# This output file may be truncated or incomplete.
#
#  Out of Memory Error (arena.cpp:189), pid=29236, tid=24620
#
# JRE version: OpenJDK Runtime Environment Temurin-17.0.6+10 (17.0.6+10) (build 17.0.6+10)
# Java VM: OpenJDK 64-Bit Server VM Temurin-17.0.6+10 (17.0.6+10, mixed mode, tiered, compressed oops, compressed class ptrs, g1 gc, windows-amd64)
# No core dump will be written. Minidumps are not enabled by default on client versions of Windows
#

---------------  S U M M A R Y ------------

Command Line: -Dfile.encoding=UTF-8 -XX:+ShowCodeDetailsInExceptionMessages com.chat.app.chatApi.ChatApiApplication

Host: AMD Ryzen 5 4600H with Radeon Graphics         , 12 cores, 9G,  Windows 10 , 64 bit Build 19041 (10.0.19041.928)
Time: Fri May  3 12:18:59 2024 W. Central Africa Standard Time elapsed time: 1.203602 seconds (0d 0h 0m 1s)

---------------  T H R E A D  ---------------

Current thread (0x00000203640448b0):  JavaThread "C2 CompilerThread0" daemon [_thread_in_native, id=24620, stack(0x000000e869600000,0x000000e869700000)]


Current CompileTask:
C2:   1203 1610   !   4       java.net.URL::<init> (543 bytes)

Stack: [0x000000e869600000,0x000000e869700000]
Native frames: (J=compiled Java code, j=interpreted, Vv=VM code, C=native code)
V  [jvm.dll+0x67741a]
V  [jvm.dll+0x834434]
V  [jvm.dll+0x835bde]
V  [jvm.dll+0x836243]
V  [jvm.dll+0x2457b5]
V  [jvm.dll+0xabafc]
V  [jvm.dll+0xac0cc]
V  [jvm.dll+0x363492]
V  [jvm.dll+0x32dda1]
V  [jvm.dll+0x32d24a]
V  [jvm.dll+0x2185f1]
V  [jvm.dll+0x217a11]
V  [jvm.dll+0x1a3d0d]
V  [jvm.dll+0x22742a]
V  [jvm.dll+0x225565]
V  [jvm.dll+0x7ea2cb]
V  [jvm.dll+0x7e483a]
V  [jvm.dll+0x6762c5]
C  [ucrtbase.dll+0x21bb2]
C  [KERNEL32.DLL+0x17034]
C  [ntdll.dll+0x52651]


---------------  P R O C E S S  ---------------

Threads class SMR info:
_java_thread_list=0x00000203662f6a50, length=17, elements={
0x00000203483a8b40, 0x00000203635e6a40, 0x00000203640070c0, 0x00000203635ec270,
0x00000203635ecb30, 0x00000203635ed4e0, 0x00000203635ede90, 0x00000203640448b0,
0x00000203640451b0, 0x0000020364056360, 0x00000203641bd000, 0x00000203641ce1d0,
0x000002036435a8a0, 0x0000020366080940, 0x0000020364b7c740, 0x000002036607b4a0,
0x0000020365e75b90
}

Java Threads: ( => current thread )
  0x00000203483a8b40 JavaThread "main" [_thread_blocked, id=24056, stack(0x000000e868900000,0x000000e868a00000)]
  0x00000203635e6a40 JavaThread "Reference Handler" daemon [_thread_blocked, id=29608, stack(0x000000e869000000,0x000000e869100000)]
  0x00000203640070c0 JavaThread "Finalizer" daemon [_thread_blocked, id=27916, stack(0x000000e869100000,0x000000e869200000)]
  0x00000203635ec270 JavaThread "Signal Dispatcher" daemon [_thread_blocked, id=26252, stack(0x000000e869200000,0x000000e869300000)]
  0x00000203635ecb30 JavaThread "Attach Listener" daemon [_thread_blocked, id=25444, stack(0x000000e869300000,0x000000e869400000)]
  0x00000203635ed4e0 JavaThread "Service Thread" daemon [_thread_blocked, id=4560, stack(0x000000e869400000,0x000000e869500000)]
  0x00000203635ede90 JavaThread "Monitor Deflation Thread" daemon [_thread_blocked, id=27800, stack(0x000000e869500000,0x000000e869600000)]
=>0x00000203640448b0 JavaThread "C2 CompilerThread0" daemon [_thread_in_native, id=24620, stack(0x000000e869600000,0x000000e869700000)]
  0x00000203640451b0 JavaThread "C1 CompilerThread0" daemon [_thread_in_vm, id=13376, stack(0x000000e869700000,0x000000e869800000)]
  0x0000020364056360 JavaThread "Sweeper thread" daemon [_thread_blocked, id=22652, stack(0x000000e869800000,0x000000e869900000)]
  0x00000203641bd000 JavaThread "Notification Thread" daemon [_thread_blocked, id=21980, stack(0x000000e869900000,0x000000e869a00000)]
  0x00000203641ce1d0 JavaThread "Common-Cleaner" daemon [_thread_blocked, id=29176, stack(0x000000e869b00000,0x000000e869c00000)]
  0x000002036435a8a0 JavaThread "C2 CompilerThread1" daemon [_thread_in_native, id=3744, stack(0x000000e869c00000,0x000000e869d00000)]
  0x0000020366080940 JavaThread "Thread-0" [_thread_blocked, id=22052, stack(0x000000e869d00000,0x000000e869e00000)]
  0x0000020364b7c740 JavaThread "restartedMain" [_thread_in_vm, id=23460, stack(0x000000e869e00000,0x000000e869f00000)]
  0x000002036607b4a0 JavaThread "background-preinit" [_thread_in_vm, id=30616, stack(0x000000e86a400000,0x000000e86a500000)]
  0x0000020365e75b90 JavaThread "C2 CompilerThread2" daemon [_thread_in_native, id=22764, stack(0x000000e86a800000,0x000000e86a900000)]

Other Threads:
  0x00000203635e02d0 VMThread "VM Thread" [stack: 0x000000e868f00000,0x000000e869000000] [id=29820]
  0x0000020364129b90 WatcherThread [stack: 0x000000e869a00000,0x000000e869b00000] [id=29712]
  0x00000203483f6970 GCTaskThread "GC Thread#0" [stack: 0x000000e868a00000,0x000000e868b00000] [id=16276]
  0x0000020365c7e1d0 GCTaskThread "GC Thread#1" [stack: 0x000000e869f00000,0x000000e86a000000] [id=12812]
  0x0000020365d8f980 GCTaskThread "GC Thread#2" [stack: 0x000000e86a000000,0x000000e86a100000] [id=31624]
  0x0000020365d8fc30 GCTaskThread "GC Thread#3" [stack: 0x000000e86a100000,0x000000e86a200000] [id=29268]
  0x0000020365d8fee0 GCTaskThread "GC Thread#4" [stack: 0x000000e86a200000,0x000000e86a300000] [id=22676]
  0x0000020365d90190 GCTaskThread "GC Thread#5" [stack: 0x000000e86a300000,0x000000e86a400000] [id=26156]
  0x0000020365d90f00 GCTaskThread "GC Thread#6" [stack: 0x000000e86a500000,0x000000e86a600000] [id=26468]
  0x0000020365d909a0 GCTaskThread "GC Thread#7" [stack: 0x000000e86a600000,0x000000e86a700000] [id=21984]
  0x0000020365d90c50 GCTaskThread "GC Thread#8" [stack: 0x000000e86a700000,0x000000e86a800000] [id=28296]
  0x00000203662cc6e0 GCTaskThread "GC Thread#9" [stack: 0x000000e86ab00000,0x000000e86ac00000] [id=23692]
  0x0000020348401580 ConcurrentGCThread "G1 Main Marker" [stack: 0x000000e868b00000,0x000000e868c00000] [id=32]
  0x0000020348401d30 ConcurrentGCThread "G1 Conc#0" [stack: 0x000000e868c00000,0x000000e868d00000] [id=15016]
  0x0000020365d8f420 ConcurrentGCThread "G1 Conc#1" [stack: 0x000000e86a900000,0x000000e86aa00000] [id=31428]
  0x0000020365d8f6d0 ConcurrentGCThread "G1 Conc#2" [stack: 0x000000e86aa00000,0x000000e86ab00000] [id=28816]
  0x00000203634324b0 ConcurrentGCThread "G1 Refine#0" [stack: 0x000000e868d00000,0x000000e868e00000] [id=16800]
  0x0000020363432c70 ConcurrentGCThread "G1 Service" [stack: 0x000000e868e00000,0x000000e868f00000] [id=5380]

Threads with active compile tasks:
C2 CompilerThread0     1230 1610   !   4       java.net.URL::<init> (543 bytes)
C2 CompilerThread1     1230 1693       4       jdk.internal.org.objectweb.asm.Frame::execute (2305 bytes)
C2 CompilerThread2     1230 1814       4       java.util.HashMap::getNode (150 bytes)

VM state: not at safepoint (normal execution)

VM Mutex/Monitor currently owned by a thread: None

Heap address: 0x0000000769400000, size: 2412 MB, Compressed Oops mode: Zero based, Oop shift amount: 3

CDS archive(s) not mapped
Compressed class space mapped at: 0x0000000800000000-0x0000000840000000, reserved size: 1073741824
Narrow klass base: 0x0000000800000000, Narrow klass shift: 0, Narrow klass range: 0x40000000

GC Precious Log:
 CPUs: 12 total, 12 available
 Memory: 9647M
 Large Page Support: Disabled
 NUMA Support: Disabled
 Compressed Oops: Enabled (Zero based)
 Heap Region Size: 2M
 Heap Min Capacity: 8M
 Heap Initial Capacity: 152M
 Heap Max Capacity: 2412M
 Pre-touch: Disabled
 Parallel Workers: 10
 Concurrent Workers: 3
 Concurrent Refinement Workers: 10
 Periodic GC: Disabled

Heap:
 garbage-first heap   total 49152K, used 9129K [0x0000000769400000, 0x0000000800000000)
  region size 2048K, 3 young (6144K), 2 survivors (4096K)
 Metaspace       used 21535K, committed 21760K, reserved 1073152K
  class space    used 2494K, committed 2560K, reserved 1048576K

Heap Regions: E=young(eden), S=young(survivor), O=old, HS=humongous(starts), HC=humongous(continues), CS=collection set, F=free, OA=open archive, CA=closed archive, TAMS=top-at-mark-start (previous, next)
|   0|0x0000000769400000, 0x0000000769600000, 0x0000000769600000|100%| O|  |TAMS 0x0000000769600000, 0x0000000769400000| Untracked 
|   1|0x0000000769600000, 0x0000000769800000, 0x0000000769800000|100%| O|  |TAMS 0x0000000769800000, 0x0000000769600000| Untracked 
|   2|0x0000000769800000, 0x0000000769a00000, 0x0000000769a00000|100%| O|  |TAMS 0x0000000769a00000, 0x0000000769800000| Untracked 
|   3|0x0000000769a00000, 0x0000000769a43e00, 0x0000000769c00000| 13%| O|  |TAMS 0x0000000769a43e00, 0x0000000769a00000| Complete 
|   4|0x0000000769c00000, 0x0000000769c00000, 0x0000000769e00000|  0%| F|  |TAMS 0x0000000769c00000, 0x0000000769c00000| Untracked 
|   5|0x0000000769e00000, 0x0000000769e00000, 0x000000076a000000|  0%| F|  |TAMS 0x0000000769e00000, 0x0000000769e00000| Untracked 
|   6|0x000000076a000000, 0x000000076a000000, 0x000000076a200000|  0%| F|  |TAMS 0x000000076a000000, 0x000000076a000000| Untracked 
|   7|0x000000076a200000, 0x000000076a200000, 0x000000076a400000|  0%| F|  |TAMS 0x000000076a200000, 0x000000076a200000| Untracked 
|   8|0x000000076a400000, 0x000000076a400000, 0x000000076a600000|  0%| F|  |TAMS 0x000000076a400000, 0x000000076a400000| Untracked 
|   9|0x000000076a600000, 0x000000076a600000, 0x000000076a800000|  0%| F|  |TAMS 0x000000076a600000, 0x000000076a600000| Untracked 
|  10|0x000000076a800000, 0x000000076a800000, 0x000000076aa00000|  0%| F|  |TAMS 0x000000076a800000, 0x000000076a800000| Untracked 
|  11|0x000000076aa00000, 0x000000076aa00000, 0x000000076ac00000|  0%| F|  |TAMS 0x000000076aa00000, 0x000000076aa00000| Untracked 
|  12|0x000000076ac00000, 0x000000076ac00000, 0x000000076ae00000|  0%| F|  |TAMS 0x000000076ac00000, 0x000000076ac00000| Untracked 
|  13|0x000000076ae00000, 0x000000076ae00000, 0x000000076b000000|  0%| F|  |TAMS 0x000000076ae00000, 0x000000076ae00000| Untracked 
|  14|0x000000076b000000, 0x000000076b000000, 0x000000076b200000|  0%| F|  |TAMS 0x000000076b000000, 0x000000076b000000| Untracked 
|  15|0x000000076b200000, 0x000000076b200000, 0x000000076b400000|  0%| F|  |TAMS 0x000000076b200000, 0x000000076b200000| Untracked 
|  16|0x000000076b400000, 0x000000076b400000, 0x000000076b600000|  0%| F|  |TAMS 0x000000076b400000, 0x000000076b400000| Untracked 
|  17|0x000000076b600000, 0x000000076b600000, 0x000000076b800000|  0%| F|  |TAMS 0x000000076b600000, 0x000000076b600000| Untracked 
|  18|0x000000076b800000, 0x000000076b800000, 0x000000076ba00000|  0%| F|  |TAMS 0x000000076b800000, 0x000000076b800000| Untracked 
|  19|0x000000076ba00000, 0x000000076ba00000, 0x000000076bc00000|  0%| F|  |TAMS 0x000000076ba00000, 0x000000076ba00000| Untracked 
|  20|0x000000076bc00000, 0x000000076bc00000, 0x000000076be00000|  0%| F|  |TAMS 0x000000076bc00000, 0x000000076bc00000| Untracked 
|  69|0x0000000771e00000, 0x0000000771ea6630, 0x0000000772000000| 32%| S|CS|TAMS 0x0000000771e00000, 0x0000000771e00000| Complete 
|  70|0x0000000772000000, 0x0000000772200000, 0x0000000772200000|100%| S|CS|TAMS 0x0000000772000000, 0x0000000772000000| Complete 
|  75|0x0000000772a00000, 0x0000000772b79a08, 0x0000000772c00000| 73%| E|  |TAMS 0x0000000772a00000, 0x0000000772a00000| Complete 

Card table byte_map: [0x000002035b460000,0x000002035b920000] _byte_map_base: 0x0000020357916000

Marking Bits (Prev, Next): (CMBitMap*) 0x00000203483f6d60, (CMBitMap*) 0x00000203483f6d20
 Prev Bits: [0x000002035e390000, 0x0000020360940000)
 Next Bits: [0x000002035bde0000, 0x000002035e390000)

Polling page: 0x0000020346210000

Metaspace:

Usage:
  Non-class:     18.60 MB used.
      Class:      2.44 MB used.
       Both:     21.04 MB used.

Virtual space:
  Non-class space:       24.00 MB reserved,      18.75 MB ( 78%) committed,  3 nodes.
      Class space:        1.00 GB reserved,       2.50 MB ( <1%) committed,  1 nodes.
             Both:        1.02 GB reserved,      21.25 MB (  2%) committed. 

Chunk freelists:
   Non-Class:  816.00 KB
       Class:  1.31 MB
        Both:  2.11 MB

MaxMetaspaceSize: unlimited
CompressedClassSpaceSize: 1.00 GB
Initial GC threshold: 21.00 MB
Current GC threshold: 35.31 MB
CDS: off
MetaspaceReclaimPolicy: balanced
 - commit_granule_bytes: 65536.
 - commit_granule_words: 8192.
 - virtual_space_node_default_size: 1048576.
 - enlarge_chunks_in_place: 1.
 - new_chunks_are_fully_committed: 0.
 - uncommit_free_chunks: 1.
 - use_allocation_guard: 0.
 - handle_deallocations: 1.


Internal statistics:

num_allocs_failed_limit: 5.
num_arena_births: 186.
num_arena_deaths: 0.
num_vsnodes_births: 4.
num_vsnodes_deaths: 0.
num_space_committed: 340.
num_space_uncommitted: 0.
num_chunks_returned_to_freelist: 5.
num_chunks_taken_from_freelist: 614.
num_chunk_merges: 5.
num_chunk_splits: 415.
num_chunks_enlarged: 326.
num_purges: 0.
num_inconsistent_stats: 0.

CodeHeap 'non-profiled nmethods': size=120000Kb used=653Kb max_used=653Kb free=119346Kb
 bounds [0x0000020353520000, 0x0000020353790000, 0x000002035aa50000]
CodeHeap 'profiled nmethods': size=120000Kb used=3402Kb max_used=3402Kb free=116597Kb
 bounds [0x000002034ba50000, 0x000002034bdb0000, 0x0000020352f80000]
CodeHeap 'non-nmethods': size=5760Kb used=1197Kb max_used=1202Kb free=4562Kb
 bounds [0x0000020352f80000, 0x00000203531f0000, 0x0000020353520000]
 total_blobs=2292 nmethods=1816 adapters=387
 compilation: enabled
              stopped_count=0, restarted_count=0
 full_count=0

Compilation events (20 events):
Event: 1.182 Thread 0x00000203640451b0 nmethod 1785 0x000002034bd94190 code [0x000002034bd94340, 0x000002034bd94548]
Event: 1.184 Thread 0x00000203640451b0 1786       3       java.lang.Short::<init> (10 bytes)
Event: 1.185 Thread 0x00000203640451b0 nmethod 1786 0x000002034bd94690 code [0x000002034bd94840, 0x000002034bd94a18]
Event: 1.188 Thread 0x0000020365e75b90 1787   !   4       java.util.concurrent.ConcurrentHashMap::transfer (849 bytes)
Event: 1.190 Thread 0x00000203640451b0 1788       1       java.util.ArrayList$ArrayListSpliterator::characteristics (4 bytes)
Event: 1.190 Thread 0x00000203640451b0 nmethod 1788 0x00000203535bfa90 code [0x00000203535bfc20, 0x00000203535bfcf8]
Event: 1.190 Thread 0x00000203640451b0 1789       3       java.lang.Class::isAnnotation (17 bytes)
Event: 1.191 Thread 0x00000203640451b0 nmethod 1789 0x000002034bd94b10 code [0x000002034bd94ca0, 0x000002034bd94e38]
Event: 1.191 Thread 0x00000203640451b0 1791       3       java.util.HashMap::put (13 bytes)
Event: 1.191 Thread 0x00000203640451b0 nmethod 1791 0x000002034bd94f10 code [0x000002034bd950c0, 0x000002034bd953b8]
Event: 1.191 Thread 0x00000203640451b0 1790       3       java.lang.PublicMethods$Key::hashCode (19 bytes)
Event: 1.191 Thread 0x00000203640451b0 nmethod 1790 0x000002034bd95510 code [0x000002034bd956c0, 0x000002034bd95858]
Event: 1.191 Thread 0x00000203640451b0 1792       3       jdk.internal.org.objectweb.asm.MethodWriter::addSuccessorToCurrentBasicBlock (24 bytes)
Event: 1.191 Thread 0x00000203640451b0 nmethod 1792 0x000002034bd95910 code [0x000002034bd95ac0, 0x000002034bd95e38]
Event: 1.194 Thread 0x00000203640451b0 1793       1       java.lang.reflect.Method::getRoot (5 bytes)
Event: 1.194 Thread 0x00000203640451b0 nmethod 1793 0x00000203535bfd90 code [0x00000203535bff20, 0x00000203535bfff8]
Event: 1.195 Thread 0x00000203640451b0 1794       3       jdk.internal.loader.AbstractClassLoaderValue::map (20 bytes)
Event: 1.195 Thread 0x00000203640451b0 nmethod 1794 0x000002034bd95f90 code [0x000002034bd96140, 0x000002034bd96428]
Event: 1.195 Thread 0x00000203640451b0 1795       3       java.util.concurrent.ConcurrentHashMap::get (162 bytes)
Event: 1.196 Thread 0x00000203640451b0 nmethod 1795 0x000002034bd96590 code [0x000002034bd967e0, 0x000002034bd972e8]

GC Heap History (4 events):
Event: 0.642 GC heap before
{Heap before GC invocations=0 (full 0):
 garbage-first heap   total 155648K, used 20480K [0x0000000769400000, 0x0000000800000000)
  region size 2048K, 11 young (22528K), 0 survivors (0K)
 Metaspace       used 12041K, committed 12224K, reserved 1064960K
  class space    used 1166K, committed 1280K, reserved 1048576K
}
Event: 0.647 GC heap after
{Heap after GC invocations=1 (full 0):
 garbage-first heap   total 155648K, used 6593K [0x0000000769400000, 0x0000000800000000)
  region size 2048K, 2 young (4096K), 2 survivors (4096K)
 Metaspace       used 12041K, committed 12224K, reserved 1064960K
  class space    used 1166K, committed 1280K, reserved 1048576K
}
Event: 1.088 GC heap before
{Heap before GC invocations=1 (full 0):
 garbage-first heap   total 155648K, used 31169K [0x0000000769400000, 0x0000000800000000)
  region size 2048K, 14 young (28672K), 2 survivors (4096K)
 Metaspace       used 19180K, committed 19392K, reserved 1073152K
  class space    used 2123K, committed 2240K, reserved 1048576K
}
Event: 1.093 GC heap after
{Heap after GC invocations=2 (full 0):
 garbage-first heap   total 155648K, used 8463K [0x0000000769400000, 0x0000000800000000)
  region size 2048K, 1 young (2048K), 1 survivors (2048K)
 Metaspace       used 19180K, committed 19392K, reserved 1073152K
  class space    used 2123K, committed 2240K, reserved 1048576K
}

Dll operation events (7 events):
Event: 0.006 Loaded shared library C:\Program Files\eclipse-jee-2023-03-R-win32-x86_64\eclipse\plugins\org.eclipse.justj.openjdk.hotspot.jre.full.win32.x86_64_17.0.6.v20230204-1729\jre\bin\java.dll
Event: 0.164 Loaded shared library C:\Program Files\eclipse-jee-2023-03-R-win32-x86_64\eclipse\plugins\org.eclipse.justj.openjdk.hotspot.jre.full.win32.x86_64_17.0.6.v20230204-1729\jre\bin\net.dll
Event: 0.166 Loaded shared library C:\Program Files\eclipse-jee-2023-03-R-win32-x86_64\eclipse\plugins\org.eclipse.justj.openjdk.hotspot.jre.full.win32.x86_64_17.0.6.v20230204-1729\jre\bin\nio.dll
Event: 0.172 Loaded shared library C:\Program Files\eclipse-jee-2023-03-R-win32-x86_64\eclipse\plugins\org.eclipse.justj.openjdk.hotspot.jre.full.win32.x86_64_17.0.6.v20230204-1729\jre\bin\zip.dll
Event: 0.291 Loaded shared library C:\Program Files\eclipse-jee-2023-03-R-win32-x86_64\eclipse\plugins\org.eclipse.justj.openjdk.hotspot.jre.full.win32.x86_64_17.0.6.v20230204-1729\jre\bin\jimage.dll
Event: 0.573 Loaded shared library C:\Program Files\eclipse-jee-2023-03-R-win32-x86_64\eclipse\plugins\org.eclipse.justj.openjdk.hotspot.jre.full.win32.x86_64_17.0.6.v20230204-1729\jre\bin\management.dll
Event: 0.575 Loaded shared library C:\Program Files\eclipse-jee-2023-03-R-win32-x86_64\eclipse\plugins\org.eclipse.justj.openjdk.hotspot.jre.full.win32.x86_64_17.0.6.v20230204-1729\jre\bin\management_ext.dll

Deoptimization events (20 events):
Event: 0.988 Thread 0x000002036607b4a0 Uncommon trap: trap_request=0xffffff45 fr.pc=0x000002035357a820 relative=0x0000000000000080
Event: 0.988 Thread 0x000002036607b4a0 Uncommon trap: reason=unstable_if action=reinterpret pc=0x000002035357a820 method=sun.net.www.ParseUtil.firstEncodeIndex(Ljava/lang/String;)I @ 51 c2
Event: 0.988 Thread 0x000002036607b4a0 DEOPT PACKING pc=0x000002035357a820 sp=0x000000e86a4fcc60
Event: 0.988 Thread 0x000002036607b4a0 DEOPT UNPACKING pc=0x0000020352fd69a3 sp=0x000000e86a4fcc08 mode 2
Event: 1.113 Thread 0x0000020364b7c740 Uncommon trap: trap_request=0xffffff45 fr.pc=0x000002035357f67c relative=0x00000000000002dc
Event: 1.113 Thread 0x0000020364b7c740 Uncommon trap: reason=unstable_if action=reinterpret pc=0x000002035357f67c method=jdk.internal.org.objectweb.asm.SymbolTable.put(Ljdk/internal/org/objectweb/asm/SymbolTable$Entry;)Ljdk/internal/org/objectweb/asm/SymbolTable$Entry; @ 13 c2
Event: 1.113 Thread 0x0000020364b7c740 DEOPT PACKING pc=0x000002035357f67c sp=0x000000e869efce50
Event: 1.113 Thread 0x0000020364b7c740 DEOPT UNPACKING pc=0x0000020352fd69a3 sp=0x000000e869efcdd0 mode 2
Event: 1.190 Thread 0x000002036607b4a0 Uncommon trap: trap_request=0xffffffc6 fr.pc=0x00000203535a3ef8 relative=0x0000000000000858
Event: 1.190 Thread 0x000002036607b4a0 Uncommon trap: reason=bimorphic_or_optimized_type_check action=maybe_recompile pc=0x00000203535a3ef8 method=java.util.HashMap.putVal(ILjava/lang/Object;Ljava/lang/Object;ZZ)Ljava/lang/Object; @ 91 c2
Event: 1.190 Thread 0x000002036607b4a0 DEOPT PACKING pc=0x00000203535a3ef8 sp=0x000000e86a4febb0
Event: 1.190 Thread 0x000002036607b4a0 DEOPT UNPACKING pc=0x0000020352fd69a3 sp=0x000000e86a4feac0 mode 2
Event: 1.190 Thread 0x000002036607b4a0 Uncommon trap: trap_request=0xffffffc6 fr.pc=0x00000203535a3ef8 relative=0x0000000000000858
Event: 1.190 Thread 0x000002036607b4a0 Uncommon trap: reason=bimorphic_or_optimized_type_check action=maybe_recompile pc=0x00000203535a3ef8 method=java.util.HashMap.putVal(ILjava/lang/Object;Ljava/lang/Object;ZZ)Ljava/lang/Object; @ 91 c2
Event: 1.190 Thread 0x000002036607b4a0 DEOPT PACKING pc=0x00000203535a3ef8 sp=0x000000e86a4febb0
Event: 1.190 Thread 0x000002036607b4a0 DEOPT UNPACKING pc=0x0000020352fd69a3 sp=0x000000e86a4feac0 mode 2
Event: 1.190 Thread 0x000002036607b4a0 Uncommon trap: trap_request=0xffffff45 fr.pc=0x000002035357fc80 relative=0x0000000000000260
Event: 1.190 Thread 0x000002036607b4a0 Uncommon trap: reason=unstable_if action=reinterpret pc=0x000002035357fc80 method=java.util.concurrent.ConcurrentHashMap.get(Ljava/lang/Object;)Ljava/lang/Object; @ 76 c2
Event: 1.190 Thread 0x000002036607b4a0 DEOPT PACKING pc=0x000002035357fc80 sp=0x000000e86a4fdd30
Event: 1.190 Thread 0x000002036607b4a0 DEOPT UNPACKING pc=0x0000020352fd69a3 sp=0x000000e86a4fdca8 mode 2

Classes unloaded (0 events):
No events

Classes redefined (0 events):
No events

Internal exceptions (20 events):
Event: 0.814 Thread 0x0000020364b7c740 Exception <a 'java/lang/NoSuchMethodError'{0x00000007724e7aa0}: 'java.lang.Object java.lang.invoke.Invokers$Holder.invokeExact_MT(java.lang.Object, java.lang.Object, java.lang.Object, java.lang.Object, java.lang.Object, java.lang.Object)'> (0x00000007724e7aa0) 
thrown [s\src\hotspot\share\interpreter\linkResolver.cpp, line 759]
Event: 0.823 Thread 0x0000020364b7c740 Exception <a 'java/lang/NoSuchMethodError'{0x0000000772547170}: 'java.lang.Object java.lang.invoke.DirectMethodHandle$Holder.invokeSpecial(java.lang.Object, java.lang.Object, java.lang.Object, java.lang.Object, java.lang.Object, java.lang.Object, int)'> (0x0000000772547170) 
thrown [s\src\hotspot\share\interpreter\linkResolver.cpp, line 759]
Event: 0.823 Thread 0x0000020364b7c740 Exception <a 'java/lang/NoSuchMethodError'{0x00000007725516d8}: 'java.lang.Object java.lang.invoke.DirectMethodHandle$Holder.newInvokeSpecial(java.lang.Object, java.lang.Object, java.lang.Object, java.lang.Object, java.lang.Object, java.lang.Object, int)'> (0x00000007725516d8) 
thrown [s\src\hotspot\share\interpreter\linkResolver.cpp, line 759]
Event: 0.824 Thread 0x0000020364b7c740 Exception <a 'java/lang/NoSuchMethodError'{0x0000000772556718}: 'java.lang.Object java.lang.invoke.DirectMethodHandle$Holder.invokeSpecial(java.lang.Object, java.lang.Object, java.lang.Object, java.lang.Object, java.lang.Object, java.lang.Object, java.lang.Object, int)'> (0x0000000772556718) 
thrown [s\src\hotspot\share\interpreter\linkResolver.cpp, line 759]
Event: 0.849 Thread 0x0000020364b7c740 Exception <a 'java/lang/NoSuchMethodError'{0x00000007722bf9f0}: 'int java.lang.invoke.DirectMethodHandle$Holder.invokeInterface(java.lang.Object, java.lang.Object)'> (0x00000007722bf9f0) 
thrown [s\src\hotspot\share\interpreter\linkResolver.cpp, line 759]
Event: 0.876 Thread 0x0000020364b7c740 Exception <a 'java/lang/NoSuchMethodError'{0x00000007723c6468}: 'java.lang.Object java.lang.invoke.DirectMethodHandle$Holder.invokeSpecial(java.lang.Object, java.lang.Object, java.lang.Object, int, java.lang.Object)'> (0x00000007723c6468) 
thrown [s\src\hotspot\share\interpreter\linkResolver.cpp, line 759]
Event: 0.877 Thread 0x0000020364b7c740 Exception <a 'java/lang/NoSuchMethodError'{0x00000007723ceac8}: 'java.lang.Object java.lang.invoke.DirectMethodHandle$Holder.newInvokeSpecial(java.lang.Object, java.lang.Object, java.lang.Object, int, java.lang.Object)'> (0x00000007723ceac8) 
thrown [s\src\hotspot\share\interpreter\linkResolver.cpp, line 759]
Event: 0.879 Thread 0x0000020364b7c740 Exception <a 'java/lang/NoSuchMethodError'{0x00000007723e4e78}: 'java.lang.Object java.lang.invoke.DirectMethodHandle$Holder.newInvokeSpecial(java.lang.Object, int, java.lang.Object)'> (0x00000007723e4e78) 
thrown [s\src\hotspot\share\interpreter\linkResolver.cpp, line 759]
Event: 0.879 Thread 0x0000020364b7c740 Exception <a 'java/lang/NoSuchMethodError'{0x00000007723e9b58}: 'int java.lang.invoke.DirectMethodHandle$Holder.invokeSpecialIFC(java.lang.Object, java.lang.Object, java.lang.Object, java.lang.Object)'> (0x00000007723e9b58) 
thrown [s\src\hotspot\share\interpreter\linkResolver.cpp, line 759]
Event: 0.897 Thread 0x0000020364b7c740 Exception <a 'java/lang/NoSuchMethodError'{0x00000007720b3c20}: 'void java.lang.invoke.DirectMethodHandle$Holder.invokeInterface(java.lang.Object, java.lang.Object, java.lang.Object)'> (0x00000007720b3c20) 
thrown [s\src\hotspot\share\interpreter\linkResolver.cpp, line 759]
Event: 0.914 Thread 0x0000020364b7c740 Exception <a 'java/lang/NoSuchMethodError'{0x000000077215f880}: 'void java.lang.invoke.DirectMethodHandle$Holder.invokeStaticInit(java.lang.Object, java.lang.Object, java.lang.Object)'> (0x000000077215f880) 
thrown [s\src\hotspot\share\interpreter\linkResolver.cpp, line 759]
Event: 0.920 Thread 0x0000020364b7c740 Exception <a 'java/lang/NoSuchMethodError'{0x00000007721a7338}: 'java.lang.Object java.lang.invoke.DirectMethodHandle$Holder.invokeVirtual(java.lang.Object, java.lang.Object, java.lang.Object)'> (0x00000007721a7338) 
thrown [s\src\hotspot\share\interpreter\linkResolver.cpp, line 759]
Event: 0.924 Thread 0x0000020364b7c740 Exception <a 'java/lang/NoSuchMethodError'{0x00000007721c7fd0}: 'java.lang.Object java.lang.invoke.DirectMethodHandle$Holder.invokeStatic(java.lang.Object, java.lang.Object, long, java.lang.Object)'> (0x00000007721c7fd0) 
thrown [s\src\hotspot\share\interpreter\linkResolver.cpp, line 759]
Event: 0.924 Thread 0x0000020364b7c740 Exception <a 'java/lang/NoSuchMethodError'{0x00000007721cba68}: 'java.lang.Object java.lang.invoke.DirectMethodHandle$Holder.invokeStaticInit(java.lang.Object, java.lang.Object, long, java.lang.Object)'> (0x00000007721cba68) 
thrown [s\src\hotspot\share\interpreter\linkResolver.cpp, line 759]
Event: 0.925 Thread 0x0000020364b7c740 Exception <a 'java/lang/NoSuchMethodError'{0x00000007721d21b0}: 'java.lang.Object java.lang.invoke.DirectMethodHandle$Holder.newInvokeSpecial(java.lang.Object, java.lang.Object, long)'> (0x00000007721d21b0) 
thrown [s\src\hotspot\share\interpreter\linkResolver.cpp, line 759]
Event: 0.925 Thread 0x0000020364b7c740 Exception <a 'java/lang/NoSuchMethodError'{0x00000007721d5fa0}: 'java.lang.Object java.lang.invoke.Invokers$Holder.linkToTargetMethod(java.lang.Object, long, java.lang.Object)'> (0x00000007721d5fa0) 
thrown [s\src\hotspot\share\interpreter\linkResolver.cpp, line 759]
Event: 0.936 Thread 0x0000020364b7c740 Exception <a 'java/lang/NoSuchMethodError'{0x0000000771e269a8}: 'void java.lang.invoke.DirectMethodHandle$Holder.invokeSpecial(java.lang.Object, java.lang.Object, java.lang.Object, java.lang.Object, java.lang.Object)'> (0x0000000771e269a8) 
thrown [s\src\hotspot\share\interpreter\linkResolver.cpp, line 759]
Event: 0.937 Thread 0x0000020364b7c740 Exception <a 'java/lang/NoSuchMethodError'{0x0000000771e2ef38}: 'void java.lang.invoke.DirectMethodHandle$Holder.invokeVirtual(java.lang.Object, java.lang.Object, java.lang.Object, java.lang.Object)'> (0x0000000771e2ef38) 
thrown [s\src\hotspot\share\interpreter\linkResolver.cpp, line 759]
Event: 0.967 Thread 0x0000020364b7c740 Exception <a 'java/lang/NoSuchMethodError'{0x0000000771fa1a90}: 'void java.lang.invoke.DirectMethodHandle$Holder.invokeSpecial(java.lang.Object, java.lang.Object, java.lang.Object)'> (0x0000000771fa1a90) 
thrown [s\src\hotspot\share\interpreter\linkResolver.cpp, line 759]
Event: 0.974 Thread 0x0000020364b7c740 Exception <a 'java/lang/IncompatibleClassChangeError'{0x0000000771ffaac8}: Found class java.lang.Object, but interface was expected> (0x0000000771ffaac8) 
thrown [s\src\hotspot\share\interpreter\linkResolver.cpp, line 826]

VM Operations (20 events):
Event: 0.404 Executing VM operation: HandshakeAllThreads
Event: 0.404 Executing VM operation: HandshakeAllThreads done
Event: 0.420 Executing VM operation: HandshakeAllThreads
Event: 0.420 Executing VM operation: HandshakeAllThreads done
Event: 0.642 Executing VM operation: G1CollectForAllocation
Event: 0.647 Executing VM operation: G1CollectForAllocation done
Event: 0.688 Executing VM operation: HandshakeAllThreads
Event: 0.688 Executing VM operation: HandshakeAllThreads done
Event: 0.860 Executing VM operation: HandshakeAllThreads
Event: 0.860 Executing VM operation: HandshakeAllThreads done
Event: 0.965 Executing VM operation: HandshakeAllThreads
Event: 0.965 Executing VM operation: HandshakeAllThreads done
Event: 0.965 Executing VM operation: HandshakeAllThreads
Event: 0.965 Executing VM operation: HandshakeAllThreads done
Event: 0.973 Executing VM operation: ICBufferFull
Event: 0.974 Executing VM operation: ICBufferFull done
Event: 1.088 Executing VM operation: G1CollectForAllocation
Event: 1.093 Executing VM operation: G1CollectForAllocation done
Event: 1.178 Executing VM operation: HandshakeAllThreads
Event: 1.178 Executing VM operation: HandshakeAllThreads done

Events (20 events):
Event: 1.184 loading class java/lang/Byte$ByteCache
Event: 1.184 loading class java/lang/Byte$ByteCache done
Event: 1.184 loading class java/lang/Short$ShortCache
Event: 1.184 loading class java/lang/Short$ShortCache done
Event: 1.190 loading class jdk/internal/vm/annotation/IntrinsicCandidate
Event: 1.190 loading class jdk/internal/vm/annotation/IntrinsicCandidate done
Event: 1.193 loading class sun/reflect/generics/scope/MethodScope
Event: 1.193 loading class org/xml/sax/InputSource
Event: 1.193 loading class sun/reflect/generics/scope/MethodScope done
Event: 1.193 loading class sun/reflect/generics/repository/MethodRepository
Event: 1.193 loading class org/xml/sax/InputSource done
Event: 1.193 loading class sun/reflect/generics/repository/MethodRepository done
Event: 1.193 loading class sun/reflect/annotation/AnnotatedTypeFactory$AnnotatedParameterizedTypeImpl
Event: 1.193 loading class sun/reflect/annotation/AnnotatedTypeFactory$AnnotatedParameterizedTypeImpl done
Event: 1.194 loading class sun/reflect/annotation/AnnotatedTypeFactory$AnnotatedWildcardTypeImpl
Event: 1.194 loading class java/lang/reflect/AnnotatedWildcardType
Event: 1.194 loading class java/lang/reflect/AnnotatedWildcardType done
Event: 1.194 loading class sun/reflect/annotation/AnnotatedTypeFactory$AnnotatedWildcardTypeImpl done
Event: 1.194 loading class sun/reflect/misc/ReflectUtil
Event: 1.194 loading class sun/reflect/misc/ReflectUtil done


Dynamic libraries:
0x00007ff77f8b0000 - 0x00007ff77f8be000 	C:\Program Files\eclipse-jee-2023-03-R-win32-x86_64\eclipse\plugins\org.eclipse.justj.openjdk.hotspot.jre.full.win32.x86_64_17.0.6.v20230204-1729\jre\bin\javaw.exe
0x00007ffe244f0000 - 0x00007ffe246e5000 	C:\Windows\SYSTEM32\ntdll.dll
0x00007ffdf34f0000 - 0x00007ffdf3509000 	C:\Program Files\Avast Software\Avast\aswhook.dll
0x00007ffe22c60000 - 0x00007ffe22d1d000 	C:\Windows\System32\KERNEL32.DLL
0x00007ffe21ea0000 - 0x00007ffe22168000 	C:\Windows\System32\KERNELBASE.dll
0x00007ffe22450000 - 0x00007ffe22550000 	C:\Windows\System32\ucrtbase.dll
0x00007ffe0cfb0000 - 0x00007ffe0cfc7000 	C:\Program Files\eclipse-jee-2023-03-R-win32-x86_64\eclipse\plugins\org.eclipse.justj.openjdk.hotspot.jre.full.win32.x86_64_17.0.6.v20230204-1729\jre\bin\jli.dll
0x00007ffe0cfd0000 - 0x00007ffe0cfe9000 	C:\Program Files\eclipse-jee-2023-03-R-win32-x86_64\eclipse\plugins\org.eclipse.justj.openjdk.hotspot.jre.full.win32.x86_64_17.0.6.v20230204-1729\jre\bin\VCRUNTIME140.dll
0x00007ffe22ac0000 - 0x00007ffe22c60000 	C:\Windows\System32\USER32.dll
0x00007ffe0e3a0000 - 0x00007ffe0e63a000 	C:\Windows\WinSxS\amd64_microsoft.windows.common-controls_6595b64144ccf1df_6.0.19041.844_none_ca00b6081b84eb1d\COMCTL32.dll
0x00007ffe22290000 - 0x00007ffe222b2000 	C:\Windows\System32\win32u.dll
0x00007ffe22550000 - 0x00007ffe225ee000 	C:\Windows\System32\msvcrt.dll
0x00007ffe23f20000 - 0x00007ffe23f4a000 	C:\Windows\System32\GDI32.dll
0x00007ffe21d40000 - 0x00007ffe21e4b000 	C:\Windows\System32\gdi32full.dll
0x00007ffe22170000 - 0x00007ffe2220d000 	C:\Windows\System32\msvcp_win.dll
0x00007ffe22a80000 - 0x00007ffe22ab0000 	C:\Windows\System32\IMM32.DLL
0x00007ffe18750000 - 0x00007ffe1875c000 	C:\Program Files\eclipse-jee-2023-03-R-win32-x86_64\eclipse\plugins\org.eclipse.justj.openjdk.hotspot.jre.full.win32.x86_64_17.0.6.v20230204-1729\jre\bin\vcruntime140_1.dll
0x00007ffde25f0000 - 0x00007ffde2681000 	C:\Program Files\eclipse-jee-2023-03-R-win32-x86_64\eclipse\plugins\org.eclipse.justj.openjdk.hotspot.jre.full.win32.x86_64_17.0.6.v20230204-1729\jre\bin\msvcp140.dll
0x00007ffd3fd40000 - 0x00007ffd40987000 	C:\Program Files\eclipse-jee-2023-03-R-win32-x86_64\eclipse\plugins\org.eclipse.justj.openjdk.hotspot.jre.full.win32.x86_64_17.0.6.v20230204-1729\jre\bin\server\jvm.dll
0x00007ffe23de0000 - 0x00007ffe23e8c000 	C:\Windows\System32\ADVAPI32.dll
0x00007ffe240e0000 - 0x00007ffe2417b000 	C:\Windows\System32\sechost.dll
0x00007ffe24380000 - 0x00007ffe244ab000 	C:\Windows\System32\RPCRT4.dll
0x00007ffe16470000 - 0x00007ffe16497000 	C:\Windows\SYSTEM32\WINMM.dll
0x00007ffe0b9d0000 - 0x00007ffe0b9d9000 	C:\Windows\SYSTEM32\WSOCK32.dll
0x00007ffe1a9c0000 - 0x00007ffe1a9ca000 	C:\Windows\SYSTEM32\VERSION.dll
0x00007ffe23d70000 - 0x00007ffe23ddb000 	C:\Windows\System32\WS2_32.dll
0x00007ffe1fb40000 - 0x00007ffe1fb52000 	C:\Windows\SYSTEM32\kernel.appcore.dll
0x00007ffe1afa0000 - 0x00007ffe1afaa000 	C:\Program Files\eclipse-jee-2023-03-R-win32-x86_64\eclipse\plugins\org.eclipse.justj.openjdk.hotspot.jre.full.win32.x86_64_17.0.6.v20230204-1729\jre\bin\jimage.dll
0x00007ffe17810000 - 0x00007ffe179f4000 	C:\Windows\SYSTEM32\DBGHELP.DLL
0x00007ffe10ee0000 - 0x00007ffe10f0c000 	C:\Windows\SYSTEM32\dbgcore.DLL
0x00007ffe22210000 - 0x00007ffe22290000 	C:\Windows\System32\bcryptPrimitives.dll
0x00007ffdd1f90000 - 0x00007ffdd1fb5000 	C:\Program Files\eclipse-jee-2023-03-R-win32-x86_64\eclipse\plugins\org.eclipse.justj.openjdk.hotspot.jre.full.win32.x86_64_17.0.6.v20230204-1729\jre\bin\java.dll
0x00007ffe1a700000 - 0x00007ffe1a718000 	C:\Program Files\eclipse-jee-2023-03-R-win32-x86_64\eclipse\plugins\org.eclipse.justj.openjdk.hotspot.jre.full.win32.x86_64_17.0.6.v20230204-1729\jre\bin\zip.dll
0x00007ffe23130000 - 0x00007ffe23872000 	C:\Windows\System32\SHELL32.dll
0x00007ffe1fd40000 - 0x00007ffe204d0000 	C:\Windows\SYSTEM32\windows.storage.dll
0x00007ffe238e0000 - 0x00007ffe23c35000 	C:\Windows\System32\combase.dll
0x00007ffe215d0000 - 0x00007ffe215fc000 	C:\Windows\SYSTEM32\Wldp.dll
0x00007ffe24030000 - 0x00007ffe240de000 	C:\Windows\System32\SHCORE.dll
0x00007ffe23f50000 - 0x00007ffe23fa5000 	C:\Windows\System32\shlwapi.dll
0x00007ffe21b70000 - 0x00007ffe21b8f000 	C:\Windows\SYSTEM32\profapi.dll
0x00007ffe18f40000 - 0x00007ffe18f59000 	C:\Program Files\eclipse-jee-2023-03-R-win32-x86_64\eclipse\plugins\org.eclipse.justj.openjdk.hotspot.jre.full.win32.x86_64_17.0.6.v20230204-1729\jre\bin\net.dll
0x00007ffe1ae70000 - 0x00007ffe1af7b000 	C:\Windows\SYSTEM32\WINHTTP.dll
0x00007ffe213b0000 - 0x00007ffe2141a000 	C:\Windows\system32\mswsock.dll
0x00007ffe0c7c0000 - 0x00007ffe0c7d5000 	C:\Program Files\eclipse-jee-2023-03-R-win32-x86_64\eclipse\plugins\org.eclipse.justj.openjdk.hotspot.jre.full.win32.x86_64_17.0.6.v20230204-1729\jre\bin\nio.dll
0x00007ffe0d110000 - 0x00007ffe0d119000 	C:\Program Files\eclipse-jee-2023-03-R-win32-x86_64\eclipse\plugins\org.eclipse.justj.openjdk.hotspot.jre.full.win32.x86_64_17.0.6.v20230204-1729\jre\bin\management.dll
0x00007ffe0d040000 - 0x00007ffe0d04b000 	C:\Program Files\eclipse-jee-2023-03-R-win32-x86_64\eclipse\plugins\org.eclipse.justj.openjdk.hotspot.jre.full.win32.x86_64_17.0.6.v20230204-1729\jre\bin\management_ext.dll
0x00007ffe22ab0000 - 0x00007ffe22ab8000 	C:\Windows\System32\PSAPI.DLL

dbghelp: loaded successfully - version: 4.0.5 - missing functions: none
symbol engine: initialized successfully - sym options: 0x614 - pdb path: .;C:\Program Files\eclipse-jee-2023-03-R-win32-x86_64\eclipse\plugins\org.eclipse.justj.openjdk.hotspot.jre.full.win32.x86_64_17.0.6.v20230204-1729\jre\bin;C:\Windows\SYSTEM32;C:\Program Files\Avast Software\Avast;C:\Windows\WinSxS\amd64_microsoft.windows.common-controls_6595b64144ccf1df_6.0.19041.844_none_ca00b6081b84eb1d;C:\Program Files\eclipse-jee-2023-03-R-win32-x86_64\eclipse\plugins\org.eclipse.justj.openjdk.hotspot.jre.full.win32.x86_64_17.0.6.v20230204-1729\jre\bin\server

VM Arguments:
jvm_args: -Dfile.encoding=UTF-8 -XX:+ShowCodeDetailsInExceptionMessages 
java_command: com.chat.app.chatApi.ChatApiApplication
java_class_path (initial): C:\Users\MICHAEL\Pictures\chatApi\bin\main;C:\Users\MICHAEL\.gradle\caches\modules-2\files-2.1\org.springframework.boot\spring-boot-starter-data-jpa\3.2.4\d8c5f393d9b18d96021b3e02d80e4356c5cbe0f7\spring-boot-starter-data-jpa-3.2.4.jar;C:\Users\MICHAEL\.gradle\caches\modules-2\files-2.1\org.springframework.boot\spring-boot-starter-hateoas\3.2.4\2f387ca5e0c06c96288aa1479955a501751bbdfe\spring-boot-starter-hateoas-3.2.4.jar;C:\Users\MICHAEL\.gradle\caches\modules-2\files-2.1\org.springframework.boot\spring-boot-starter-validation\3.2.4\5f43697d1f24a19414bcaec3733dab5b6c24d1da\spring-boot-starter-validation-3.2.4.jar;C:\Users\MICHAEL\.gradle\caches\modules-2\files-2.1\org.springframework.boot\spring-boot-starter-web\3.2.4\a74df12b71060da7c8e87f9a8c2ef4ea43fc8017\spring-boot-starter-web-3.2.4.jar;C:\Users\MICHAEL\.gradle\caches\modules-2\files-2.1\org.springframework.data\spring-data-rest-hal-explorer\4.2.4\c0a25f8c750cdd2a68ca2178b5ef04d1c1a20c41\spring-data-rest-hal-explorer-4.2.4.jar;C:\Users\MICHAEL\.gradle\caches\modules-2\files-2.1\org.springframework.boot\spring-boot-starter-actuator\3.2.4\a26cd0ab56f912d2aa44504042af06f15d3d1a80\spring-boot-starter-actuator-3.2.4.jar;C:\Users\MICHAEL\.gradle\caches\modules-2\files-2.1\org.springframework.boot\spring-boot-starter-aop\3.2.4\11aedc0a23c43947608f2122eed08eabe5e2994c\spring-boot-starter-aop-3.2.4.jar;C:\Users\MICHAEL\.gradle\caches\modules-2\files-2.1\org.springframework.boot\spring-boot-starter-jdbc\3.2.4\7dd399e7ba19d62cae32be6e20edac37ff8fcbc0\spring-boot-starter-jdbc-3.2.4.jar;C:\Users\MICHAEL\.gradle\caches\modules-2\files-2.1\org.hibernate.orm\hibernate-core\6.4.4.Final\5c9decb3c5a70bf7801d41fc32633416c26be069\hibernate-core-6.4.4.Final.jar;C:\Users\MICHAEL\.gradle\caches\modules-2\files-2.1\org.springframework.data\spring-data-jpa\3.2.4\1932f90c487999575b57ad41986de96c8ebf5843\spring-data-jpa-3.2.4.jar;C:\Users\MICHAEL\.gradle\caches\modules-2\files-2.1\org.springframework\spring-as
Launcher Type: SUN_STANDARD

[Global flags]
     intx CICompilerCount                          = 4                                         {product} {ergonomic}
     uint ConcGCThreads                            = 3                                         {product} {ergonomic}
     uint G1ConcRefinementThreads                  = 10                                        {product} {ergonomic}
   size_t G1HeapRegionSize                         = 2097152                                   {product} {ergonomic}
    uintx GCDrainStackTargetSize                   = 64                                        {product} {ergonomic}
   size_t InitialHeapSize                          = 159383552                                 {product} {ergonomic}
   size_t MarkStackSize                            = 4194304                                   {product} {ergonomic}
   size_t MaxHeapSize                              = 2529165312                                {product} {ergonomic}
   size_t MaxNewSize                               = 1516240896                                {product} {ergonomic}
   size_t MinHeapDeltaBytes                        = 2097152                                   {product} {ergonomic}
   size_t MinHeapSize                              = 8388608                                   {product} {ergonomic}
    uintx NonNMethodCodeHeapSize                   = 5839372                                {pd product} {ergonomic}
    uintx NonProfiledCodeHeapSize                  = 122909434                              {pd product} {ergonomic}
    uintx ProfiledCodeHeapSize                     = 122909434                              {pd product} {ergonomic}
    uintx ReservedCodeCacheSize                    = 251658240                              {pd product} {ergonomic}
     bool SegmentedCodeCache                       = true                                      {product} {ergonomic}
     bool ShowCodeDetailsInExceptionMessages       = true                                   {manageable} {command line}
   size_t SoftMaxHeapSize                          = 2529165312                             {manageable} {ergonomic}
     bool UseCompressedClassPointers               = true                           {product lp64_product} {ergonomic}
     bool UseCompressedOops                        = true                           {product lp64_product} {ergonomic}
     bool UseG1GC                                  = true                                      {product} {ergonomic}
     bool UseLargePagesIndividualAllocation        = false                                  {pd product} {ergonomic}

Logging:
Log output configuration:
 #0: stdout all=warning uptime,level,tags
 #1: stderr all=off uptime,level,tags

Environment Variables:
PATH=C:/Program Files/eclipse-jee-2023-03-R-win32-x86_64/eclipse//plugins/org.eclipse.justj.openjdk.hotspot.jre.full.win32.x86_64_17.0.6.v20230204-1729/jre/bin/server;C:/Program Files/eclipse-jee-2023-03-R-win32-x86_64/eclipse//plugins/org.eclipse.justj.openjdk.hotspot.jre.full.win32.x86_64_17.0.6.v20230204-1729/jre/bin;C:\Program Files\Common Files\Oracle\Java\javapath;C:\Windows\system32;C:\Windows;C:\Windows\System32\Wbem;C:\Windows\System32\WindowsPowerShell\v1.0\;C:\Windows\System32\OpenSSH\;C:\Program Files (x86)\NVIDIA Corporation\PhysX\Common;C:\Program Files\NVIDIA Corporation\NVIDIA NvDLISR;C:\Program Files\Docker\Docker\resources\bin;C:\Program Files\nodejs\;C:\Program Files\Git\cmd;C:\Program Files\MySQL\MySQL Shell 8.0\bin\;C:\Users\MICHAEL\AppData\Local\Microsoft\WindowsApps;C:\Users\MICHAEL\AppData\Roaming\npm;C:\Users\MICHAEL\AppData\Local\Programs\Microsoft VS Code\bin;C:\Program Files\eclipse-jee-2023-03-R-win32-x86_64\eclipse;
USERNAME=MICHAEL
OS=Windows_NT
PROCESSOR_IDENTIFIER=AMD64 Family 23 Model 96 Stepping 1, AuthenticAMD
TMP=C:\Users\MICHAEL\AppData\Local\Temp
TEMP=C:\Users\MICHAEL\AppData\Local\Temp



---------------  S Y S T E M  ---------------

OS:
 Windows 10 , 64 bit Build 19041 (10.0.19041.928)
OS uptime: 0 days 15:47 hours
Hyper-V role detected

CPU: total 12 (initial active 12) (12 cores per cpu, 2 threads per core) family 23 model 96 stepping 1 microcode 0x0, cx8, cmov, fxsr, ht, mmx, 3dnowpref, sse, sse2, sse3, ssse3, sse4a, sse4.1, sse4.2, popcnt, lzcnt, tsc, tscinvbit, avx, avx2, aes, clmul, bmi1, bmi2, adx, sha, fma, vzeroupper, clflush, clflushopt, hv

Memory: 4k page, system-wide physical 9647M (621M free)
TotalPageFile size 39343M (AvailPageFile size 109M)
current process WorkingSet (physical memory assigned to process): 100M, peak: 123M
current process commit charge ("private bytes"): 176M, peak: 284M

vm_info: OpenJDK 64-Bit Server VM (17.0.6+10) for windows-amd64 JRE (17.0.6+10), built on Jan 18 2023 10:08:59 by "temurin" with MS VC++ 16.7 (VS2019)

END.
