#
# There is insufficient memory for the Java Runtime Environment to continue.
# Native memory allocation (malloc) failed to allocate 447056 bytes for Chunk::new
# Possible reasons:
#   The system is out of physical RAM or swap space
#   The process is running with CompressedOops enabled, and the Java Heap may be blocking the growth of the native heap
# Possible solutions:
#   Reduce memory load on the system
#   Increase physical memory or swap space
#   Check if swap backing store is full
#   Decrease Java heap size (-Xmx/-Xms)
#   Decrease number of Java threads
#   Decrease Java thread stack sizes (-Xss)
#   Set larger code cache with -XX:ReservedCodeCacheSize=
#   JVM is running with Zero Based Compressed Oops mode in which the Java heap is
#     placed in the first 32GB address space. The Java Heap base address is the
#     maximum limit for the native heap growth. Please use -XX:HeapBaseMinAddress
#     to set the Java Heap base and to place the Java Heap above 32GB virtual address.
# This output file may be truncated or incomplete.
#
#  Out of Memory Error (arena.cpp:189), pid=17264, tid=21556
#
# JRE version: OpenJDK Runtime Environment Temurin-17.0.6+10 (17.0.6+10) (build 17.0.6+10)
# Java VM: OpenJDK 64-Bit Server VM Temurin-17.0.6+10 (17.0.6+10, mixed mode, tiered, compressed oops, compressed class ptrs, g1 gc, windows-amd64)
# No core dump will be written. Minidumps are not enabled by default on client versions of Windows
#

---------------  S U M M A R Y ------------

Command Line: -Dfile.encoding=UTF-8 -XX:+ShowCodeDetailsInExceptionMessages com.chat.app.chatApi.ChatApiApplication

Host: AMD Ryzen 5 4600H with Radeon Graphics         , 12 cores, 9G,  Windows 10 , 64 bit Build 19041 (10.0.19041.928)
Time: Fri May  3 12:19:03 2024 W. Central Africa Standard Time elapsed time: 1.084478 seconds (0d 0h 0m 1s)

---------------  T H R E A D  ---------------

Current thread (0x00000149aac429b0):  JavaThread "C2 CompilerThread0" daemon [_thread_in_native, id=21556, stack(0x0000003280d00000,0x0000003280e00000)]


Current CompileTask:
C2:   1084 1599   !   4       java.net.URL::<init> (543 bytes)

Stack: [0x0000003280d00000,0x0000003280e00000]
Native frames: (J=compiled Java code, j=interpreted, Vv=VM code, C=native code)
V  [jvm.dll+0x67741a]
V  [jvm.dll+0x834434]
V  [jvm.dll+0x835bde]
V  [jvm.dll+0x836243]
V  [jvm.dll+0x2457b5]
V  [jvm.dll+0xabafc]
V  [jvm.dll+0xac0cc]
V  [jvm.dll+0x3634e7]
V  [jvm.dll+0x1bbb82]
V  [jvm.dll+0x218749]
V  [jvm.dll+0x217a11]
V  [jvm.dll+0x1a3d0d]
V  [jvm.dll+0x22742a]
V  [jvm.dll+0x225565]
V  [jvm.dll+0x7ea2cb]
V  [jvm.dll+0x7e483a]
V  [jvm.dll+0x6762c5]
C  [ucrtbase.dll+0x21bb2]
C  [KERNEL32.DLL+0x17034]
C  [ntdll.dll+0x52651]


---------------  P R O C E S S  ---------------

Threads class SMR info:
_java_thread_list=0x00000149abe35910, length=16, elements={
0x000001498eeda340, 0x00000149aa133670, 0x00000149aa1349c0, 0x00000149aa117110,
0x00000149aac3b030, 0x00000149aac3c590, 0x00000149aac3d6e0, 0x00000149aac429b0,
0x00000149aac43b00, 0x00000149aac4ccc0, 0x00000149aada7f40, 0x00000149aadb4220,
0x00000149aaf29350, 0x00000149ab8a6820, 0x00000149ab3499c0, 0x00000149abcacd80
}

Java Threads: ( => current thread )
  0x000001498eeda340 JavaThread "main" [_thread_blocked, id=16072, stack(0x0000003280000000,0x0000003280100000)]
  0x00000149aa133670 JavaThread "Reference Handler" daemon [_thread_blocked, id=31116, stack(0x0000003280700000,0x0000003280800000)]
  0x00000149aa1349c0 JavaThread "Finalizer" daemon [_thread_blocked, id=31684, stack(0x0000003280800000,0x0000003280900000)]
  0x00000149aa117110 JavaThread "Signal Dispatcher" daemon [_thread_blocked, id=22688, stack(0x0000003280900000,0x0000003280a00000)]
  0x00000149aac3b030 JavaThread "Attach Listener" daemon [_thread_blocked, id=31672, stack(0x0000003280a00000,0x0000003280b00000)]
  0x00000149aac3c590 JavaThread "Service Thread" daemon [_thread_blocked, id=31308, stack(0x0000003280b00000,0x0000003280c00000)]
  0x00000149aac3d6e0 JavaThread "Monitor Deflation Thread" daemon [_thread_blocked, id=11028, stack(0x0000003280c00000,0x0000003280d00000)]
=>0x00000149aac429b0 JavaThread "C2 CompilerThread0" daemon [_thread_in_native, id=21556, stack(0x0000003280d00000,0x0000003280e00000)]
  0x00000149aac43b00 JavaThread "C1 CompilerThread0" daemon [_thread_in_vm, id=28588, stack(0x0000003280e00000,0x0000003280f00000)]
  0x00000149aac4ccc0 JavaThread "Sweeper thread" daemon [_thread_blocked, id=26004, stack(0x0000003280f00000,0x0000003281000000)]
  0x00000149aada7f40 JavaThread "Notification Thread" daemon [_thread_blocked, id=30296, stack(0x0000003281000000,0x0000003281100000)]
  0x00000149aadb4220 JavaThread "Common-Cleaner" daemon [_thread_blocked, id=22416, stack(0x0000003281200000,0x0000003281300000)]
  0x00000149aaf29350 JavaThread "C2 CompilerThread1" daemon [_thread_in_native, id=28780, stack(0x0000003281300000,0x0000003281400000)]
  0x00000149ab8a6820 JavaThread "Thread-0" [_thread_blocked, id=31264, stack(0x0000003281400000,0x0000003281500000)]
  0x00000149ab3499c0 JavaThread "restartedMain" [_thread_in_vm, id=29872, stack(0x0000003281500000,0x0000003281600000)]
  0x00000149abcacd80 JavaThread "background-preinit" [_thread_in_Java, id=20328, stack(0x0000003281b00000,0x0000003281c00000)]

Other Threads:
  0x00000149aa12e310 VMThread "VM Thread" [stack: 0x0000003280600000,0x0000003280700000] [id=15328]
  0x000001498ef3b620 WatcherThread [stack: 0x0000003281100000,0x0000003281200000] [id=4772]
  0x000001498ef28420 GCTaskThread "GC Thread#0" [stack: 0x0000003280100000,0x0000003280200000] [id=31064]
  0x00000149ab34aa10 GCTaskThread "GC Thread#1" [stack: 0x0000003281600000,0x0000003281700000] [id=28360]
  0x00000149ab6c7ee0 GCTaskThread "GC Thread#2" [stack: 0x0000003281700000,0x0000003281800000] [id=30508]
  0x00000149ab6c8190 GCTaskThread "GC Thread#3" [stack: 0x0000003281800000,0x0000003281900000] [id=25648]
  0x00000149ab6c8440 GCTaskThread "GC Thread#4" [stack: 0x0000003281900000,0x0000003281a00000] [id=28692]
  0x00000149abb1ebc0 GCTaskThread "GC Thread#5" [stack: 0x0000003281a00000,0x0000003281b00000] [id=26988]
  0x00000149abceba90 GCTaskThread "GC Thread#6" [stack: 0x0000003281c00000,0x0000003281d00000] [id=30684]
  0x00000149abd2bd80 GCTaskThread "GC Thread#7" [stack: 0x0000003281d00000,0x0000003281e00000] [id=21124]
  0x00000149abd2b820 GCTaskThread "GC Thread#8" [stack: 0x0000003281e00000,0x0000003281f00000] [id=15184]
  0x000001498ef328c0 ConcurrentGCThread "G1 Main Marker" [stack: 0x0000003280200000,0x0000003280300000] [id=22864]
  0x000001498ef33910 ConcurrentGCThread "G1 Conc#0" [stack: 0x0000003280300000,0x0000003280400000] [id=16916]
  0x00000149a9f824b0 ConcurrentGCThread "G1 Refine#0" [stack: 0x0000003280400000,0x0000003280500000] [id=22140]
  0x000001498ef8b740 ConcurrentGCThread "G1 Service" [stack: 0x0000003280500000,0x0000003280600000] [id=16420]

Threads with active compile tasks:
C2 CompilerThread0     1098 1599   !   4       java.net.URL::<init> (543 bytes)
C1 CompilerThread0     1098 1706       1       java.lang.Class::getAnnotationType (5 bytes)
C2 CompilerThread1     1098 1688       4       jdk.internal.org.objectweb.asm.Frame::execute (2305 bytes)

VM state: not at safepoint (normal execution)

VM Mutex/Monitor currently owned by a thread: None

Heap address: 0x0000000769400000, size: 2412 MB, Compressed Oops mode: Zero based, Oop shift amount: 3

CDS archive(s) not mapped
Compressed class space mapped at: 0x0000000800000000-0x0000000840000000, reserved size: 1073741824
Narrow klass base: 0x0000000800000000, Narrow klass shift: 0, Narrow klass range: 0x40000000

GC Precious Log:
 CPUs: 12 total, 12 available
 Memory: 9647M
 Large Page Support: Disabled
 NUMA Support: Disabled
 Compressed Oops: Enabled (Zero based)
 Heap Region Size: 2M
 Heap Min Capacity: 8M
 Heap Initial Capacity: 152M
 Heap Max Capacity: 2412M
 Pre-touch: Disabled
 Parallel Workers: 10
 Concurrent Workers: 3
 Concurrent Refinement Workers: 10
 Periodic GC: Disabled

Heap:
 garbage-first heap   total 155648K, used 10537K [0x0000000769400000, 0x0000000800000000)
  region size 2048K, 3 young (6144K), 1 survivors (2048K)
 Metaspace       used 19484K, committed 19712K, reserved 1073152K
  class space    used 2201K, committed 2304K, reserved 1048576K

Heap Regions: E=young(eden), S=young(survivor), O=old, HS=humongous(starts), HC=humongous(continues), CS=collection set, F=free, OA=open archive, CA=closed archive, TAMS=top-at-mark-start (previous, next)
|   0|0x0000000769400000, 0x0000000769600000, 0x0000000769600000|100%| O|  |TAMS 0x0000000769400000, 0x0000000769400000| Untracked 
|   1|0x0000000769600000, 0x0000000769800000, 0x0000000769800000|100%| O|  |TAMS 0x0000000769600000, 0x0000000769600000| Untracked 
|   2|0x0000000769800000, 0x0000000769a00000, 0x0000000769a00000|100%| O|  |TAMS 0x0000000769800000, 0x0000000769800000| Untracked 
|   3|0x0000000769a00000, 0x0000000769a4a400, 0x0000000769c00000| 14%| O|  |TAMS 0x0000000769a00000, 0x0000000769a00000| Untracked 
|   4|0x0000000769c00000, 0x0000000769c00000, 0x0000000769e00000|  0%| F|  |TAMS 0x0000000769c00000, 0x0000000769c00000| Untracked 
|   5|0x0000000769e00000, 0x0000000769e00000, 0x000000076a000000|  0%| F|  |TAMS 0x0000000769e00000, 0x0000000769e00000| Untracked 
|   6|0x000000076a000000, 0x000000076a000000, 0x000000076a200000|  0%| F|  |TAMS 0x000000076a000000, 0x000000076a000000| Untracked 
|   7|0x000000076a200000, 0x000000076a200000, 0x000000076a400000|  0%| F|  |TAMS 0x000000076a200000, 0x000000076a200000| Untracked 
|   8|0x000000076a400000, 0x000000076a400000, 0x000000076a600000|  0%| F|  |TAMS 0x000000076a400000, 0x000000076a400000| Untracked 
|   9|0x000000076a600000, 0x000000076a600000, 0x000000076a800000|  0%| F|  |TAMS 0x000000076a600000, 0x000000076a600000| Untracked 
|  10|0x000000076a800000, 0x000000076a800000, 0x000000076aa00000|  0%| F|  |TAMS 0x000000076a800000, 0x000000076a800000| Untracked 
|  11|0x000000076aa00000, 0x000000076aa00000, 0x000000076ac00000|  0%| F|  |TAMS 0x000000076aa00000, 0x000000076aa00000| Untracked 
|  12|0x000000076ac00000, 0x000000076ac00000, 0x000000076ae00000|  0%| F|  |TAMS 0x000000076ac00000, 0x000000076ac00000| Untracked 
|  13|0x000000076ae00000, 0x000000076ae00000, 0x000000076b000000|  0%| F|  |TAMS 0x000000076ae00000, 0x000000076ae00000| Untracked 
|  14|0x000000076b000000, 0x000000076b000000, 0x000000076b200000|  0%| F|  |TAMS 0x000000076b000000, 0x000000076b000000| Untracked 
|  15|0x000000076b200000, 0x000000076b200000, 0x000000076b400000|  0%| F|  |TAMS 0x000000076b200000, 0x000000076b200000| Untracked 
|  16|0x000000076b400000, 0x000000076b400000, 0x000000076b600000|  0%| F|  |TAMS 0x000000076b400000, 0x000000076b400000| Untracked 
|  17|0x000000076b600000, 0x000000076b600000, 0x000000076b800000|  0%| F|  |TAMS 0x000000076b600000, 0x000000076b600000| Untracked 
|  18|0x000000076b800000, 0x000000076b800000, 0x000000076ba00000|  0%| F|  |TAMS 0x000000076b800000, 0x000000076b800000| Untracked 
|  19|0x000000076ba00000, 0x000000076ba00000, 0x000000076bc00000|  0%| F|  |TAMS 0x000000076ba00000, 0x000000076ba00000| Untracked 
|  20|0x000000076bc00000, 0x000000076bc00000, 0x000000076be00000|  0%| F|  |TAMS 0x000000076bc00000, 0x000000076bc00000| Untracked 
|  21|0x000000076be00000, 0x000000076be00000, 0x000000076c000000|  0%| F|  |TAMS 0x000000076be00000, 0x000000076be00000| Untracked 
|  22|0x000000076c000000, 0x000000076c000000, 0x000000076c200000|  0%| F|  |TAMS 0x000000076c000000, 0x000000076c000000| Untracked 
|  23|0x000000076c200000, 0x000000076c200000, 0x000000076c400000|  0%| F|  |TAMS 0x000000076c200000, 0x000000076c200000| Untracked 
|  24|0x000000076c400000, 0x000000076c400000, 0x000000076c600000|  0%| F|  |TAMS 0x000000076c400000, 0x000000076c400000| Untracked 
|  25|0x000000076c600000, 0x000000076c600000, 0x000000076c800000|  0%| F|  |TAMS 0x000000076c600000, 0x000000076c600000| Untracked 
|  26|0x000000076c800000, 0x000000076c800000, 0x000000076ca00000|  0%| F|  |TAMS 0x000000076c800000, 0x000000076c800000| Untracked 
|  27|0x000000076ca00000, 0x000000076ca00000, 0x000000076cc00000|  0%| F|  |TAMS 0x000000076ca00000, 0x000000076ca00000| Untracked 
|  28|0x000000076cc00000, 0x000000076cc00000, 0x000000076ce00000|  0%| F|  |TAMS 0x000000076cc00000, 0x000000076cc00000| Untracked 
|  29|0x000000076ce00000, 0x000000076ce00000, 0x000000076d000000|  0%| F|  |TAMS 0x000000076ce00000, 0x000000076ce00000| Untracked 
|  30|0x000000076d000000, 0x000000076d000000, 0x000000076d200000|  0%| F|  |TAMS 0x000000076d000000, 0x000000076d000000| Untracked 
|  31|0x000000076d200000, 0x000000076d200000, 0x000000076d400000|  0%| F|  |TAMS 0x000000076d200000, 0x000000076d200000| Untracked 
|  32|0x000000076d400000, 0x000000076d400000, 0x000000076d600000|  0%| F|  |TAMS 0x000000076d400000, 0x000000076d400000| Untracked 
|  33|0x000000076d600000, 0x000000076d600000, 0x000000076d800000|  0%| F|  |TAMS 0x000000076d600000, 0x000000076d600000| Untracked 
|  34|0x000000076d800000, 0x000000076d800000, 0x000000076da00000|  0%| F|  |TAMS 0x000000076d800000, 0x000000076d800000| Untracked 
|  35|0x000000076da00000, 0x000000076da00000, 0x000000076dc00000|  0%| F|  |TAMS 0x000000076da00000, 0x000000076da00000| Untracked 
|  36|0x000000076dc00000, 0x000000076dc00000, 0x000000076de00000|  0%| F|  |TAMS 0x000000076dc00000, 0x000000076dc00000| Untracked 
|  37|0x000000076de00000, 0x000000076de00000, 0x000000076e000000|  0%| F|  |TAMS 0x000000076de00000, 0x000000076de00000| Untracked 
|  38|0x000000076e000000, 0x000000076e000000, 0x000000076e200000|  0%| F|  |TAMS 0x000000076e000000, 0x000000076e000000| Untracked 
|  39|0x000000076e200000, 0x000000076e200000, 0x000000076e400000|  0%| F|  |TAMS 0x000000076e200000, 0x000000076e200000| Untracked 
|  40|0x000000076e400000, 0x000000076e400000, 0x000000076e600000|  0%| F|  |TAMS 0x000000076e400000, 0x000000076e400000| Untracked 
|  41|0x000000076e600000, 0x000000076e600000, 0x000000076e800000|  0%| F|  |TAMS 0x000000076e600000, 0x000000076e600000| Untracked 
|  42|0x000000076e800000, 0x000000076e800000, 0x000000076ea00000|  0%| F|  |TAMS 0x000000076e800000, 0x000000076e800000| Untracked 
|  43|0x000000076ea00000, 0x000000076ea00000, 0x000000076ec00000|  0%| F|  |TAMS 0x000000076ea00000, 0x000000076ea00000| Untracked 
|  44|0x000000076ec00000, 0x000000076ec00000, 0x000000076ee00000|  0%| F|  |TAMS 0x000000076ec00000, 0x000000076ec00000| Untracked 
|  45|0x000000076ee00000, 0x000000076ee00000, 0x000000076f000000|  0%| F|  |TAMS 0x000000076ee00000, 0x000000076ee00000| Untracked 
|  46|0x000000076f000000, 0x000000076f000000, 0x000000076f200000|  0%| F|  |TAMS 0x000000076f000000, 0x000000076f000000| Untracked 
|  47|0x000000076f200000, 0x000000076f200000, 0x000000076f400000|  0%| F|  |TAMS 0x000000076f200000, 0x000000076f200000| Untracked 
|  48|0x000000076f400000, 0x000000076f400000, 0x000000076f600000|  0%| F|  |TAMS 0x000000076f400000, 0x000000076f400000| Untracked 
|  49|0x000000076f600000, 0x000000076f600000, 0x000000076f800000|  0%| F|  |TAMS 0x000000076f600000, 0x000000076f600000| Untracked 
|  50|0x000000076f800000, 0x000000076f800000, 0x000000076fa00000|  0%| F|  |TAMS 0x000000076f800000, 0x000000076f800000| Untracked 
|  51|0x000000076fa00000, 0x000000076fa00000, 0x000000076fc00000|  0%| F|  |TAMS 0x000000076fa00000, 0x000000076fa00000| Untracked 
|  52|0x000000076fc00000, 0x000000076fc00000, 0x000000076fe00000|  0%| F|  |TAMS 0x000000076fc00000, 0x000000076fc00000| Untracked 
|  53|0x000000076fe00000, 0x000000076fe00000, 0x0000000770000000|  0%| F|  |TAMS 0x000000076fe00000, 0x000000076fe00000| Untracked 
|  54|0x0000000770000000, 0x0000000770000000, 0x0000000770200000|  0%| F|  |TAMS 0x0000000770000000, 0x0000000770000000| Untracked 
|  55|0x0000000770200000, 0x0000000770200000, 0x0000000770400000|  0%| F|  |TAMS 0x0000000770200000, 0x0000000770200000| Untracked 
|  56|0x0000000770400000, 0x0000000770400000, 0x0000000770600000|  0%| F|  |TAMS 0x0000000770400000, 0x0000000770400000| Untracked 
|  57|0x0000000770600000, 0x0000000770600000, 0x0000000770800000|  0%| F|  |TAMS 0x0000000770600000, 0x0000000770600000| Untracked 
|  58|0x0000000770800000, 0x0000000770800000, 0x0000000770a00000|  0%| F|  |TAMS 0x0000000770800000, 0x0000000770800000| Untracked 
|  59|0x0000000770a00000, 0x0000000770a00000, 0x0000000770c00000|  0%| F|  |TAMS 0x0000000770a00000, 0x0000000770a00000| Untracked 
|  60|0x0000000770c00000, 0x0000000770c00000, 0x0000000770e00000|  0%| F|  |TAMS 0x0000000770c00000, 0x0000000770c00000| Untracked 
|  61|0x0000000770e00000, 0x0000000771000000, 0x0000000771000000|100%| S|CS|TAMS 0x0000000770e00000, 0x0000000770e00000| Complete 
|  62|0x0000000771000000, 0x0000000771000000, 0x0000000771200000|  0%| F|  |TAMS 0x0000000771000000, 0x0000000771000000| Untracked 
|  63|0x0000000771200000, 0x0000000771200000, 0x0000000771400000|  0%| F|  |TAMS 0x0000000771200000, 0x0000000771200000| Untracked 
|  64|0x0000000771400000, 0x0000000771400000, 0x0000000771600000|  0%| F|  |TAMS 0x0000000771400000, 0x0000000771400000| Untracked 
|  65|0x0000000771600000, 0x0000000771600000, 0x0000000771800000|  0%| F|  |TAMS 0x0000000771600000, 0x0000000771600000| Untracked 
|  66|0x0000000771800000, 0x0000000771800000, 0x0000000771a00000|  0%| F|  |TAMS 0x0000000771800000, 0x0000000771800000| Untracked 
|  67|0x0000000771a00000, 0x0000000771a00000, 0x0000000771c00000|  0%| F|  |TAMS 0x0000000771a00000, 0x0000000771a00000| Untracked 
|  68|0x0000000771c00000, 0x0000000771c00000, 0x0000000771e00000|  0%| F|  |TAMS 0x0000000771c00000, 0x0000000771c00000| Untracked 
|  69|0x0000000771e00000, 0x0000000771e00000, 0x0000000772000000|  0%| F|  |TAMS 0x0000000771e00000, 0x0000000771e00000| Untracked 
|  70|0x0000000772000000, 0x0000000772000000, 0x0000000772200000|  0%| F|  |TAMS 0x0000000772000000, 0x0000000772000000| Untracked 
|  71|0x0000000772200000, 0x0000000772200000, 0x0000000772400000|  0%| F|  |TAMS 0x0000000772200000, 0x0000000772200000| Untracked 
|  72|0x0000000772400000, 0x0000000772400000, 0x0000000772600000|  0%| F|  |TAMS 0x0000000772400000, 0x0000000772400000| Untracked 
|  73|0x0000000772600000, 0x0000000772600000, 0x0000000772800000|  0%| F|  |TAMS 0x0000000772600000, 0x0000000772600000| Untracked 
|  74|0x0000000772800000, 0x00000007728f64e0, 0x0000000772a00000| 48%| E|  |TAMS 0x0000000772800000, 0x0000000772800000| Complete 
|  75|0x0000000772a00000, 0x0000000772c00000, 0x0000000772c00000|100%| E|CS|TAMS 0x0000000772a00000, 0x0000000772a00000| Complete 

Card table byte_map: [0x00000149a1fa0000,0x00000149a2460000] _byte_map_base: 0x000001499e456000

Marking Bits (Prev, Next): (CMBitMap*) 0x000001498ef288d0, (CMBitMap*) 0x000001498ef28910
 Prev Bits: [0x00000149a2920000, 0x00000149a4ed0000)
 Next Bits: [0x00000149a4ed0000, 0x00000149a7480000)

Polling page: 0x000001498ccd0000

Metaspace:

Usage:
  Non-class:     16.91 MB used.
      Class:      2.15 MB used.
       Both:     19.06 MB used.

Virtual space:
  Non-class space:       24.00 MB reserved,      17.00 MB ( 71%) committed,  3 nodes.
      Class space:        1.00 GB reserved,       2.25 MB ( <1%) committed,  1 nodes.
             Both:        1.02 GB reserved,      19.25 MB (  2%) committed. 

Chunk freelists:
   Non-Class:  2.25 MB
       Class:  1.56 MB
        Both:  3.81 MB

MaxMetaspaceSize: unlimited
CompressedClassSpaceSize: 1.00 GB
Initial GC threshold: 21.00 MB
Current GC threshold: 21.00 MB
CDS: off
MetaspaceReclaimPolicy: balanced
 - commit_granule_bytes: 65536.
 - commit_granule_words: 8192.
 - virtual_space_node_default_size: 1048576.
 - enlarge_chunks_in_place: 1.
 - new_chunks_are_fully_committed: 0.
 - uncommit_free_chunks: 1.
 - use_allocation_guard: 0.
 - handle_deallocations: 1.


Internal statistics:

num_allocs_failed_limit: 0.
num_arena_births: 186.
num_arena_deaths: 0.
num_vsnodes_births: 4.
num_vsnodes_deaths: 0.
num_space_committed: 308.
num_space_uncommitted: 0.
num_chunks_returned_to_freelist: 0.
num_chunks_taken_from_freelist: 564.
num_chunk_merges: 0.
num_chunk_splits: 360.
num_chunks_enlarged: 270.
num_purges: 0.
num_inconsistent_stats: 0.

CodeHeap 'non-profiled nmethods': size=120000Kb used=605Kb max_used=605Kb free=119394Kb
 bounds [0x000001499a050000, 0x000001499a2c0000, 0x00000149a1580000]
CodeHeap 'profiled nmethods': size=120000Kb used=3193Kb max_used=3193Kb free=116807Kb
 bounds [0x0000014992580000, 0x00000149928a0000, 0x0000014999ab0000]
CodeHeap 'non-nmethods': size=5760Kb used=1178Kb max_used=1193Kb free=4581Kb
 bounds [0x0000014999ab0000, 0x0000014999d20000, 0x000001499a050000]
 total_blobs=2181 nmethods=1710 adapters=383
 compilation: enabled
              stopped_count=0, restarted_count=0
 full_count=0

Compilation events (20 events):
Event: 1.073 Thread 0x00000149aac43b00 1645       3       java.util.EnumSet::noneOf (63 bytes)
Event: 1.074 Thread 0x00000149aac43b00 nmethod 1645 0x000001499287fb90 code [0x000001499287fe60, 0x0000014992880ce8]
Event: 1.074 Thread 0x00000149aac43b00 1646       3       java.util.EnumSet::getUniverse (10 bytes)
Event: 1.074 Thread 0x00000149aac43b00 nmethod 1646 0x0000014992881210 code [0x00000149928813e0, 0x0000014992881708]
Event: 1.074 Thread 0x00000149aac43b00 1650       3       java.lang.Class::getGenericSuperclass (28 bytes)
Event: 1.074 Thread 0x00000149aaf29350 1651       4       java.util.HashMap::newNode (13 bytes)
Event: 1.075 Thread 0x00000149aac43b00 nmethod 1650 0x0000014992881890 code [0x0000014992881ae0, 0x00000149928824f8]
Event: 1.075 Thread 0x00000149aac43b00 1653       3       jdk.internal.misc.Unsafe::toUnsignedInt (6 bytes)
Event: 1.075 Thread 0x00000149aac43b00 nmethod 1653 0x0000014992882810 code [0x00000149928829a0, 0x0000014992882a98]
Event: 1.075 Thread 0x00000149aaf29350 nmethod 1651 0x000001499a0e4910 code [0x000001499a0e4aa0, 0x000001499a0e4bb8]
Event: 1.075 Thread 0x00000149aac43b00 1652       1       java.lang.reflect.Method::getDeclaringClass (5 bytes)
Event: 1.075 Thread 0x00000149aac43b00 nmethod 1652 0x000001499a0e4c90 code [0x000001499a0e4e20, 0x000001499a0e4ef8]
Event: 1.081 Thread 0x00000149aac43b00 1655       3       java.lang.ref.Reference::enqueueFromPending (19 bytes)
Event: 1.081 Thread 0x00000149aac43b00 nmethod 1655 0x0000014992882b10 code [0x0000014992882cc0, 0x0000014992882ee8]
Event: 1.081 Thread 0x00000149aac43b00 1657       3       java.lang.ref.ReferenceQueue::reallyPoll (65 bytes)
Event: 1.081 Thread 0x00000149aac43b00 nmethod 1657 0x0000014992882f90 code [0x0000014992883160, 0x00000149928836b8]
Event: 1.081 Thread 0x00000149aac43b00 1656   !   3       java.lang.ref.ReferenceQueue::enqueue (119 bytes)
Event: 1.082 Thread 0x00000149aac43b00 nmethod 1656 0x0000014992883790 code [0x0000014992883980, 0x0000014992884088]
Event: 1.082 Thread 0x00000149aac43b00 1658       3       java.lang.Module::canRead (86 bytes)
Event: 1.082 Thread 0x00000149aaf29350 1660   !   4       java.lang.ref.ReferenceQueue::poll (28 bytes)

GC Heap History (4 events):
Event: 0.643 GC heap before
{Heap before GC invocations=0 (full 0):
 garbage-first heap   total 155648K, used 20480K [0x0000000769400000, 0x0000000800000000)
  region size 2048K, 11 young (22528K), 0 survivors (0K)
 Metaspace       used 12050K, committed 12224K, reserved 1064960K
  class space    used 1165K, committed 1280K, reserved 1048576K
}
Event: 0.648 GC heap after
{Heap after GC invocations=1 (full 0):
 garbage-first heap   total 155648K, used 6598K [0x0000000769400000, 0x0000000800000000)
  region size 2048K, 2 young (4096K), 2 survivors (4096K)
 Metaspace       used 12050K, committed 12224K, reserved 1064960K
  class space    used 1165K, committed 1280K, reserved 1048576K
}
Event: 1.075 GC heap before
{Heap before GC invocations=1 (full 0):
 garbage-first heap   total 155648K, used 31174K [0x0000000769400000, 0x0000000800000000)
  region size 2048K, 14 young (28672K), 2 survivors (4096K)
 Metaspace       used 19214K, committed 19456K, reserved 1073152K
  class space    used 2130K, committed 2240K, reserved 1048576K
}
Event: 1.080 GC heap after
{Heap after GC invocations=2 (full 0):
 garbage-first heap   total 155648K, used 8489K [0x0000000769400000, 0x0000000800000000)
  region size 2048K, 1 young (2048K), 1 survivors (2048K)
 Metaspace       used 19214K, committed 19456K, reserved 1073152K
  class space    used 2130K, committed 2240K, reserved 1048576K
}

Dll operation events (7 events):
Event: 0.007 Loaded shared library C:\Program Files\eclipse-jee-2023-03-R-win32-x86_64\eclipse\plugins\org.eclipse.justj.openjdk.hotspot.jre.full.win32.x86_64_17.0.6.v20230204-1729\jre\bin\java.dll
Event: 0.160 Loaded shared library C:\Program Files\eclipse-jee-2023-03-R-win32-x86_64\eclipse\plugins\org.eclipse.justj.openjdk.hotspot.jre.full.win32.x86_64_17.0.6.v20230204-1729\jre\bin\net.dll
Event: 0.162 Loaded shared library C:\Program Files\eclipse-jee-2023-03-R-win32-x86_64\eclipse\plugins\org.eclipse.justj.openjdk.hotspot.jre.full.win32.x86_64_17.0.6.v20230204-1729\jre\bin\nio.dll
Event: 0.168 Loaded shared library C:\Program Files\eclipse-jee-2023-03-R-win32-x86_64\eclipse\plugins\org.eclipse.justj.openjdk.hotspot.jre.full.win32.x86_64_17.0.6.v20230204-1729\jre\bin\zip.dll
Event: 0.311 Loaded shared library C:\Program Files\eclipse-jee-2023-03-R-win32-x86_64\eclipse\plugins\org.eclipse.justj.openjdk.hotspot.jre.full.win32.x86_64_17.0.6.v20230204-1729\jre\bin\jimage.dll
Event: 0.574 Loaded shared library C:\Program Files\eclipse-jee-2023-03-R-win32-x86_64\eclipse\plugins\org.eclipse.justj.openjdk.hotspot.jre.full.win32.x86_64_17.0.6.v20230204-1729\jre\bin\management.dll
Event: 0.576 Loaded shared library C:\Program Files\eclipse-jee-2023-03-R-win32-x86_64\eclipse\plugins\org.eclipse.justj.openjdk.hotspot.jre.full.win32.x86_64_17.0.6.v20230204-1729\jre\bin\management_ext.dll

Deoptimization events (20 events):
Event: 0.898 Thread 0x00000149ab3499c0 Uncommon trap: trap_request=0xffffffc6 fr.pc=0x000001499a0bdfdc relative=0x000000000000047c
Event: 0.898 Thread 0x00000149ab3499c0 Uncommon trap: reason=bimorphic_or_optimized_type_check action=maybe_recompile pc=0x000001499a0bdfdc method=java.util.HashMap.getNode(Ljava/lang/Object;)Ljava/util/HashMap$Node; @ 63 c2
Event: 0.898 Thread 0x00000149ab3499c0 DEOPT PACKING pc=0x000001499a0bdfdc sp=0x00000032815fdde0
Event: 0.898 Thread 0x00000149ab3499c0 DEOPT UNPACKING pc=0x0000014999b069a3 sp=0x00000032815fdd58 mode 2
Event: 0.974 Thread 0x00000149ab3499c0 Uncommon trap: trap_request=0xffffff45 fr.pc=0x000001499a0c159c relative=0x0000000000000ffc
Event: 0.974 Thread 0x00000149ab3499c0 Uncommon trap: reason=unstable_if action=reinterpret pc=0x000001499a0c159c method=java.util.concurrent.ConcurrentHashMap.putVal(Ljava/lang/Object;Ljava/lang/Object;Z)Ljava/lang/Object; @ 148 c2
Event: 0.974 Thread 0x00000149ab3499c0 DEOPT PACKING pc=0x000001499a0c159c sp=0x00000032815fd4e0
Event: 0.974 Thread 0x00000149ab3499c0 DEOPT UNPACKING pc=0x0000014999b069a3 sp=0x00000032815fd460 mode 2
Event: 0.976 Thread 0x00000149abcacd80 Uncommon trap: trap_request=0xffffff45 fr.pc=0x000001499a0aec30 relative=0x0000000000000090
Event: 0.976 Thread 0x00000149abcacd80 Uncommon trap: reason=unstable_if action=reinterpret pc=0x000001499a0aec30 method=sun.net.www.ParseUtil.firstEncodeIndex(Ljava/lang/String;)I @ 51 c2
Event: 0.976 Thread 0x00000149abcacd80 DEOPT PACKING pc=0x000001499a0aec30 sp=0x0000003281bfcb80
Event: 0.976 Thread 0x00000149abcacd80 DEOPT UNPACKING pc=0x0000014999b069a3 sp=0x0000003281bfcb08 mode 2
Event: 0.976 Thread 0x00000149abcacd80 Uncommon trap: trap_request=0xffffff45 fr.pc=0x000001499a0ac220 relative=0x0000000000000080
Event: 0.976 Thread 0x00000149abcacd80 Uncommon trap: reason=unstable_if action=reinterpret pc=0x000001499a0ac220 method=sun.net.www.ParseUtil.firstEncodeIndex(Ljava/lang/String;)I @ 51 c2
Event: 0.976 Thread 0x00000149abcacd80 DEOPT PACKING pc=0x000001499a0ac220 sp=0x0000003281bfcb60
Event: 0.976 Thread 0x00000149abcacd80 DEOPT UNPACKING pc=0x0000014999b069a3 sp=0x0000003281bfcb08 mode 2
Event: 1.042 Thread 0x00000149abcacd80 Uncommon trap: trap_request=0xffffff45 fr.pc=0x000001499a0d7974 relative=0x00000000000001b4
Event: 1.042 Thread 0x00000149abcacd80 Uncommon trap: reason=unstable_if action=reinterpret pc=0x000001499a0d7974 method=java.util.concurrent.ConcurrentHashMap.addCount(JI)V @ 171 c2
Event: 1.042 Thread 0x00000149abcacd80 DEOPT PACKING pc=0x000001499a0d7974 sp=0x0000003281bfd000
Event: 1.042 Thread 0x00000149abcacd80 DEOPT UNPACKING pc=0x0000014999b069a3 sp=0x0000003281bfcf40 mode 2

Classes unloaded (0 events):
No events

Classes redefined (0 events):
No events

Internal exceptions (20 events):
Event: 0.808 Thread 0x00000149ab3499c0 Exception <a 'java/lang/NoSuchMethodError'{0x00000007724f70b8}: 'java.lang.Object java.lang.invoke.Invokers$Holder.invokeExact_MT(java.lang.Object, java.lang.Object, java.lang.Object, java.lang.Object, java.lang.Object, java.lang.Object)'> (0x00000007724f70b8) 
thrown [s\src\hotspot\share\interpreter\linkResolver.cpp, line 759]
Event: 0.817 Thread 0x00000149ab3499c0 Exception <a 'java/lang/NoSuchMethodError'{0x0000000772555fb8}: 'java.lang.Object java.lang.invoke.DirectMethodHandle$Holder.invokeSpecial(java.lang.Object, java.lang.Object, java.lang.Object, java.lang.Object, java.lang.Object, java.lang.Object, int)'> (0x0000000772555fb8) 
thrown [s\src\hotspot\share\interpreter\linkResolver.cpp, line 759]
Event: 0.817 Thread 0x00000149ab3499c0 Exception <a 'java/lang/NoSuchMethodError'{0x0000000772560520}: 'java.lang.Object java.lang.invoke.DirectMethodHandle$Holder.newInvokeSpecial(java.lang.Object, java.lang.Object, java.lang.Object, java.lang.Object, java.lang.Object, java.lang.Object, int)'> (0x0000000772560520) 
thrown [s\src\hotspot\share\interpreter\linkResolver.cpp, line 759]
Event: 0.818 Thread 0x00000149ab3499c0 Exception <a 'java/lang/NoSuchMethodError'{0x0000000772565560}: 'java.lang.Object java.lang.invoke.DirectMethodHandle$Holder.invokeSpecial(java.lang.Object, java.lang.Object, java.lang.Object, java.lang.Object, java.lang.Object, java.lang.Object, java.lang.Object, int)'> (0x0000000772565560) 
thrown [s\src\hotspot\share\interpreter\linkResolver.cpp, line 759]
Event: 0.844 Thread 0x00000149ab3499c0 Exception <a 'java/lang/NoSuchMethodError'{0x0000000772290858}: 'int java.lang.invoke.DirectMethodHandle$Holder.invokeInterface(java.lang.Object, java.lang.Object)'> (0x0000000772290858) 
thrown [s\src\hotspot\share\interpreter\linkResolver.cpp, line 759]
Event: 0.870 Thread 0x00000149ab3499c0 Exception <a 'java/lang/NoSuchMethodError'{0x0000000772396fe8}: 'java.lang.Object java.lang.invoke.DirectMethodHandle$Holder.invokeSpecial(java.lang.Object, java.lang.Object, java.lang.Object, int, java.lang.Object)'> (0x0000000772396fe8) 
thrown [s\src\hotspot\share\interpreter\linkResolver.cpp, line 759]
Event: 0.871 Thread 0x00000149ab3499c0 Exception <a 'java/lang/NoSuchMethodError'{0x000000077239f648}: 'java.lang.Object java.lang.invoke.DirectMethodHandle$Holder.newInvokeSpecial(java.lang.Object, java.lang.Object, java.lang.Object, int, java.lang.Object)'> (0x000000077239f648) 
thrown [s\src\hotspot\share\interpreter\linkResolver.cpp, line 759]
Event: 0.873 Thread 0x00000149ab3499c0 Exception <a 'java/lang/NoSuchMethodError'{0x00000007723b59f8}: 'java.lang.Object java.lang.invoke.DirectMethodHandle$Holder.newInvokeSpecial(java.lang.Object, int, java.lang.Object)'> (0x00000007723b59f8) 
thrown [s\src\hotspot\share\interpreter\linkResolver.cpp, line 759]
Event: 0.873 Thread 0x00000149ab3499c0 Exception <a 'java/lang/NoSuchMethodError'{0x00000007723ba6d8}: 'int java.lang.invoke.DirectMethodHandle$Holder.invokeSpecialIFC(java.lang.Object, java.lang.Object, java.lang.Object, java.lang.Object)'> (0x00000007723ba6d8) 
thrown [s\src\hotspot\share\interpreter\linkResolver.cpp, line 759]
Event: 0.888 Thread 0x00000149ab3499c0 Exception <a 'java/lang/NoSuchMethodError'{0x00000007720847c0}: 'void java.lang.invoke.DirectMethodHandle$Holder.invokeInterface(java.lang.Object, java.lang.Object, java.lang.Object)'> (0x00000007720847c0) 
thrown [s\src\hotspot\share\interpreter\linkResolver.cpp, line 759]
Event: 0.906 Thread 0x00000149ab3499c0 Exception <a 'java/lang/NoSuchMethodError'{0x00000007721300c0}: 'void java.lang.invoke.DirectMethodHandle$Holder.invokeStaticInit(java.lang.Object, java.lang.Object, java.lang.Object)'> (0x00000007721300c0) 
thrown [s\src\hotspot\share\interpreter\linkResolver.cpp, line 759]
Event: 0.910 Thread 0x00000149ab3499c0 Exception <a 'java/lang/NoSuchMethodError'{0x0000000772178110}: 'java.lang.Object java.lang.invoke.DirectMethodHandle$Holder.invokeVirtual(java.lang.Object, java.lang.Object, java.lang.Object)'> (0x0000000772178110) 
thrown [s\src\hotspot\share\interpreter\linkResolver.cpp, line 759]
Event: 0.914 Thread 0x00000149ab3499c0 Exception <a 'java/lang/NoSuchMethodError'{0x0000000772198da8}: 'java.lang.Object java.lang.invoke.DirectMethodHandle$Holder.invokeStatic(java.lang.Object, java.lang.Object, long, java.lang.Object)'> (0x0000000772198da8) 
thrown [s\src\hotspot\share\interpreter\linkResolver.cpp, line 759]
Event: 0.915 Thread 0x00000149ab3499c0 Exception <a 'java/lang/NoSuchMethodError'{0x000000077219c840}: 'java.lang.Object java.lang.invoke.DirectMethodHandle$Holder.invokeStaticInit(java.lang.Object, java.lang.Object, long, java.lang.Object)'> (0x000000077219c840) 
thrown [s\src\hotspot\share\interpreter\linkResolver.cpp, line 759]
Event: 0.915 Thread 0x00000149ab3499c0 Exception <a 'java/lang/NoSuchMethodError'{0x00000007721a3220}: 'java.lang.Object java.lang.invoke.DirectMethodHandle$Holder.newInvokeSpecial(java.lang.Object, java.lang.Object, long)'> (0x00000007721a3220) 
thrown [s\src\hotspot\share\interpreter\linkResolver.cpp, line 759]
Event: 0.915 Thread 0x00000149ab3499c0 Exception <a 'java/lang/NoSuchMethodError'{0x00000007721a6d90}: 'java.lang.Object java.lang.invoke.Invokers$Holder.linkToTargetMethod(java.lang.Object, long, java.lang.Object)'> (0x00000007721a6d90) 
thrown [s\src\hotspot\share\interpreter\linkResolver.cpp, line 759]
Event: 0.926 Thread 0x00000149ab3499c0 Exception <a 'java/lang/NoSuchMethodError'{0x00000007721f7520}: 'void java.lang.invoke.DirectMethodHandle$Holder.invokeSpecial(java.lang.Object, java.lang.Object, java.lang.Object, java.lang.Object, java.lang.Object)'> (0x00000007721f7520) 
thrown [s\src\hotspot\share\interpreter\linkResolver.cpp, line 759]
Event: 0.926 Thread 0x00000149ab3499c0 Exception <a 'java/lang/NoSuchMethodError'{0x00000007721ffab0}: 'void java.lang.invoke.DirectMethodHandle$Holder.invokeVirtual(java.lang.Object, java.lang.Object, java.lang.Object, java.lang.Object)'> (0x00000007721ffab0) 
thrown [s\src\hotspot\share\interpreter\linkResolver.cpp, line 759]
Event: 0.953 Thread 0x00000149ab3499c0 Exception <a 'java/lang/NoSuchMethodError'{0x0000000771f72780}: 'void java.lang.invoke.DirectMethodHandle$Holder.invokeSpecial(java.lang.Object, java.lang.Object, java.lang.Object)'> (0x0000000771f72780) 
thrown [s\src\hotspot\share\interpreter\linkResolver.cpp, line 759]
Event: 0.960 Thread 0x00000149ab3499c0 Exception <a 'java/lang/IncompatibleClassChangeError'{0x0000000771fa28d8}: Found class java.lang.Object, but interface was expected> (0x0000000771fa28d8) 
thrown [s\src\hotspot\share\interpreter\linkResolver.cpp, line 826]

VM Operations (20 events):
Event: 0.323 Executing VM operation: HandshakeAllThreads
Event: 0.323 Executing VM operation: HandshakeAllThreads done
Event: 0.427 Executing VM operation: HandshakeAllThreads
Event: 0.427 Executing VM operation: HandshakeAllThreads done
Event: 0.445 Executing VM operation: HandshakeAllThreads
Event: 0.445 Executing VM operation: HandshakeAllThreads done
Event: 0.643 Executing VM operation: G1CollectForAllocation
Event: 0.648 Executing VM operation: G1CollectForAllocation done
Event: 0.689 Executing VM operation: HandshakeAllThreads
Event: 0.689 Executing VM operation: HandshakeAllThreads done
Event: 0.853 Executing VM operation: HandshakeAllThreads
Event: 0.853 Executing VM operation: HandshakeAllThreads done
Event: 0.951 Executing VM operation: HandshakeAllThreads
Event: 0.951 Executing VM operation: HandshakeAllThreads done
Event: 0.951 Executing VM operation: HandshakeAllThreads
Event: 0.951 Executing VM operation: HandshakeAllThreads done
Event: 0.958 Executing VM operation: ICBufferFull
Event: 0.958 Executing VM operation: ICBufferFull done
Event: 1.075 Executing VM operation: G1CollectForAllocation
Event: 1.080 Executing VM operation: G1CollectForAllocation done

Events (20 events):
Event: 1.063 loading class org/xml/sax/ErrorHandler
Event: 1.063 loading class org/xml/sax/ErrorHandler done
Event: 1.063 loading class org/xml/sax/EntityResolver
Event: 1.063 loading class org/xml/sax/EntityResolver done
Event: 1.063 loading class org/xml/sax/SAXParseException
Event: 1.063 loading class org/xml/sax/SAXParseException done
Event: 1.063 loading class javax/xml/parsers/ParserConfigurationException
Event: 1.064 loading class javax/xml/parsers/ParserConfigurationException done
Event: 1.064 loading class java/time/chrono/HijrahDate
Event: 1.064 loading class java/time/chrono/ChronoLocalDateImpl
Event: 1.064 loading class java/time/chrono/ChronoLocalDateImpl done
Event: 1.064 loading class java/time/chrono/HijrahDate done
Event: 1.065 loading class java/time/chrono/JapaneseDate
Event: 1.065 loading class java/time/chrono/JapaneseDate done
Event: 1.065 loading class java/time/chrono/MinguoDate
Event: 1.066 loading class java/time/chrono/MinguoDate done
Event: 1.066 loading class java/time/chrono/ThaiBuddhistDate
Event: 1.066 loading class java/time/chrono/ThaiBuddhistDate done
Event: 1.068 loading class java/io/CharConversionException
Event: 1.068 loading class java/io/CharConversionException done


Dynamic libraries:
0x00007ff77f8b0000 - 0x00007ff77f8be000 	C:\Program Files\eclipse-jee-2023-03-R-win32-x86_64\eclipse\plugins\org.eclipse.justj.openjdk.hotspot.jre.full.win32.x86_64_17.0.6.v20230204-1729\jre\bin\javaw.exe
0x00007ffe244f0000 - 0x00007ffe246e5000 	C:\Windows\SYSTEM32\ntdll.dll
0x00007ffdf34f0000 - 0x00007ffdf3509000 	C:\Program Files\Avast Software\Avast\aswhook.dll
0x00007ffe22c60000 - 0x00007ffe22d1d000 	C:\Windows\System32\KERNEL32.DLL
0x00007ffe21ea0000 - 0x00007ffe22168000 	C:\Windows\System32\KERNELBASE.dll
0x00007ffe22450000 - 0x00007ffe22550000 	C:\Windows\System32\ucrtbase.dll
0x00007ffe0cfd0000 - 0x00007ffe0cfe9000 	C:\Program Files\eclipse-jee-2023-03-R-win32-x86_64\eclipse\plugins\org.eclipse.justj.openjdk.hotspot.jre.full.win32.x86_64_17.0.6.v20230204-1729\jre\bin\VCRUNTIME140.dll
0x00007ffe0cfb0000 - 0x00007ffe0cfc7000 	C:\Program Files\eclipse-jee-2023-03-R-win32-x86_64\eclipse\plugins\org.eclipse.justj.openjdk.hotspot.jre.full.win32.x86_64_17.0.6.v20230204-1729\jre\bin\jli.dll
0x00007ffe22ac0000 - 0x00007ffe22c60000 	C:\Windows\System32\USER32.dll
0x00007ffe0e3a0000 - 0x00007ffe0e63a000 	C:\Windows\WinSxS\amd64_microsoft.windows.common-controls_6595b64144ccf1df_6.0.19041.844_none_ca00b6081b84eb1d\COMCTL32.dll
0x00007ffe22290000 - 0x00007ffe222b2000 	C:\Windows\System32\win32u.dll
0x00007ffe22550000 - 0x00007ffe225ee000 	C:\Windows\System32\msvcrt.dll
0x00007ffe23f20000 - 0x00007ffe23f4a000 	C:\Windows\System32\GDI32.dll
0x00007ffe21d40000 - 0x00007ffe21e4b000 	C:\Windows\System32\gdi32full.dll
0x00007ffe22170000 - 0x00007ffe2220d000 	C:\Windows\System32\msvcp_win.dll
0x00007ffe22a80000 - 0x00007ffe22ab0000 	C:\Windows\System32\IMM32.DLL
0x00007ffe18750000 - 0x00007ffe1875c000 	C:\Program Files\eclipse-jee-2023-03-R-win32-x86_64\eclipse\plugins\org.eclipse.justj.openjdk.hotspot.jre.full.win32.x86_64_17.0.6.v20230204-1729\jre\bin\vcruntime140_1.dll
0x00007ffde25f0000 - 0x00007ffde2681000 	C:\Program Files\eclipse-jee-2023-03-R-win32-x86_64\eclipse\plugins\org.eclipse.justj.openjdk.hotspot.jre.full.win32.x86_64_17.0.6.v20230204-1729\jre\bin\msvcp140.dll
0x00007ffd3fd40000 - 0x00007ffd40987000 	C:\Program Files\eclipse-jee-2023-03-R-win32-x86_64\eclipse\plugins\org.eclipse.justj.openjdk.hotspot.jre.full.win32.x86_64_17.0.6.v20230204-1729\jre\bin\server\jvm.dll
0x00007ffe23de0000 - 0x00007ffe23e8c000 	C:\Windows\System32\ADVAPI32.dll
0x00007ffe240e0000 - 0x00007ffe2417b000 	C:\Windows\System32\sechost.dll
0x00007ffe24380000 - 0x00007ffe244ab000 	C:\Windows\System32\RPCRT4.dll
0x00007ffe16470000 - 0x00007ffe16497000 	C:\Windows\SYSTEM32\WINMM.dll
0x00007ffe1a9c0000 - 0x00007ffe1a9ca000 	C:\Windows\SYSTEM32\VERSION.dll
0x00007ffe0b9d0000 - 0x00007ffe0b9d9000 	C:\Windows\SYSTEM32\WSOCK32.dll
0x00007ffe23d70000 - 0x00007ffe23ddb000 	C:\Windows\System32\WS2_32.dll
0x00007ffe1fb40000 - 0x00007ffe1fb52000 	C:\Windows\SYSTEM32\kernel.appcore.dll
0x00007ffe1afa0000 - 0x00007ffe1afaa000 	C:\Program Files\eclipse-jee-2023-03-R-win32-x86_64\eclipse\plugins\org.eclipse.justj.openjdk.hotspot.jre.full.win32.x86_64_17.0.6.v20230204-1729\jre\bin\jimage.dll
0x00007ffe17810000 - 0x00007ffe179f4000 	C:\Windows\SYSTEM32\DBGHELP.DLL
0x00007ffe10ee0000 - 0x00007ffe10f0c000 	C:\Windows\SYSTEM32\dbgcore.DLL
0x00007ffe22210000 - 0x00007ffe22290000 	C:\Windows\System32\bcryptPrimitives.dll
0x00007ffdd1f90000 - 0x00007ffdd1fb5000 	C:\Program Files\eclipse-jee-2023-03-R-win32-x86_64\eclipse\plugins\org.eclipse.justj.openjdk.hotspot.jre.full.win32.x86_64_17.0.6.v20230204-1729\jre\bin\java.dll
0x00007ffe1a700000 - 0x00007ffe1a718000 	C:\Program Files\eclipse-jee-2023-03-R-win32-x86_64\eclipse\plugins\org.eclipse.justj.openjdk.hotspot.jre.full.win32.x86_64_17.0.6.v20230204-1729\jre\bin\zip.dll
0x00007ffe23130000 - 0x00007ffe23872000 	C:\Windows\System32\SHELL32.dll
0x00007ffe1fd40000 - 0x00007ffe204d0000 	C:\Windows\SYSTEM32\windows.storage.dll
0x00007ffe238e0000 - 0x00007ffe23c35000 	C:\Windows\System32\combase.dll
0x00007ffe215d0000 - 0x00007ffe215fc000 	C:\Windows\SYSTEM32\Wldp.dll
0x00007ffe24030000 - 0x00007ffe240de000 	C:\Windows\System32\SHCORE.dll
0x00007ffe23f50000 - 0x00007ffe23fa5000 	C:\Windows\System32\shlwapi.dll
0x00007ffe21b70000 - 0x00007ffe21b8f000 	C:\Windows\SYSTEM32\profapi.dll
0x00007ffe18f40000 - 0x00007ffe18f59000 	C:\Program Files\eclipse-jee-2023-03-R-win32-x86_64\eclipse\plugins\org.eclipse.justj.openjdk.hotspot.jre.full.win32.x86_64_17.0.6.v20230204-1729\jre\bin\net.dll
0x00007ffe1ae70000 - 0x00007ffe1af7b000 	C:\Windows\SYSTEM32\WINHTTP.dll
0x00007ffe213b0000 - 0x00007ffe2141a000 	C:\Windows\system32\mswsock.dll
0x00007ffe0c7c0000 - 0x00007ffe0c7d5000 	C:\Program Files\eclipse-jee-2023-03-R-win32-x86_64\eclipse\plugins\org.eclipse.justj.openjdk.hotspot.jre.full.win32.x86_64_17.0.6.v20230204-1729\jre\bin\nio.dll
0x00007ffe0d110000 - 0x00007ffe0d119000 	C:\Program Files\eclipse-jee-2023-03-R-win32-x86_64\eclipse\plugins\org.eclipse.justj.openjdk.hotspot.jre.full.win32.x86_64_17.0.6.v20230204-1729\jre\bin\management.dll
0x00007ffe0d040000 - 0x00007ffe0d04b000 	C:\Program Files\eclipse-jee-2023-03-R-win32-x86_64\eclipse\plugins\org.eclipse.justj.openjdk.hotspot.jre.full.win32.x86_64_17.0.6.v20230204-1729\jre\bin\management_ext.dll
0x00007ffe22ab0000 - 0x00007ffe22ab8000 	C:\Windows\System32\PSAPI.DLL

dbghelp: loaded successfully - version: 4.0.5 - missing functions: none
symbol engine: initialized successfully - sym options: 0x614 - pdb path: .;C:\Program Files\eclipse-jee-2023-03-R-win32-x86_64\eclipse\plugins\org.eclipse.justj.openjdk.hotspot.jre.full.win32.x86_64_17.0.6.v20230204-1729\jre\bin;C:\Windows\SYSTEM32;C:\Program Files\Avast Software\Avast;C:\Windows\WinSxS\amd64_microsoft.windows.common-controls_6595b64144ccf1df_6.0.19041.844_none_ca00b6081b84eb1d;C:\Program Files\eclipse-jee-2023-03-R-win32-x86_64\eclipse\plugins\org.eclipse.justj.openjdk.hotspot.jre.full.win32.x86_64_17.0.6.v20230204-1729\jre\bin\server

VM Arguments:
jvm_args: -Dfile.encoding=UTF-8 -XX:+ShowCodeDetailsInExceptionMessages 
java_command: com.chat.app.chatApi.ChatApiApplication
java_class_path (initial): C:\Users\MICHAEL\Pictures\chatApi\bin\main;C:\Users\MICHAEL\.gradle\caches\modules-2\files-2.1\org.springframework.boot\spring-boot-starter-data-jpa\3.2.4\d8c5f393d9b18d96021b3e02d80e4356c5cbe0f7\spring-boot-starter-data-jpa-3.2.4.jar;C:\Users\MICHAEL\.gradle\caches\modules-2\files-2.1\org.springframework.boot\spring-boot-starter-hateoas\3.2.4\2f387ca5e0c06c96288aa1479955a501751bbdfe\spring-boot-starter-hateoas-3.2.4.jar;C:\Users\MICHAEL\.gradle\caches\modules-2\files-2.1\org.springframework.boot\spring-boot-starter-validation\3.2.4\5f43697d1f24a19414bcaec3733dab5b6c24d1da\spring-boot-starter-validation-3.2.4.jar;C:\Users\MICHAEL\.gradle\caches\modules-2\files-2.1\org.springframework.boot\spring-boot-starter-web\3.2.4\a74df12b71060da7c8e87f9a8c2ef4ea43fc8017\spring-boot-starter-web-3.2.4.jar;C:\Users\MICHAEL\.gradle\caches\modules-2\files-2.1\org.springframework.data\spring-data-rest-hal-explorer\4.2.4\c0a25f8c750cdd2a68ca2178b5ef04d1c1a20c41\spring-data-rest-hal-explorer-4.2.4.jar;C:\Users\MICHAEL\.gradle\caches\modules-2\files-2.1\org.springframework.boot\spring-boot-starter-actuator\3.2.4\a26cd0ab56f912d2aa44504042af06f15d3d1a80\spring-boot-starter-actuator-3.2.4.jar;C:\Users\MICHAEL\.gradle\caches\modules-2\files-2.1\org.springframework.boot\spring-boot-starter-aop\3.2.4\11aedc0a23c43947608f2122eed08eabe5e2994c\spring-boot-starter-aop-3.2.4.jar;C:\Users\MICHAEL\.gradle\caches\modules-2\files-2.1\org.springframework.boot\spring-boot-starter-jdbc\3.2.4\7dd399e7ba19d62cae32be6e20edac37ff8fcbc0\spring-boot-starter-jdbc-3.2.4.jar;C:\Users\MICHAEL\.gradle\caches\modules-2\files-2.1\org.hibernate.orm\hibernate-core\6.4.4.Final\5c9decb3c5a70bf7801d41fc32633416c26be069\hibernate-core-6.4.4.Final.jar;C:\Users\MICHAEL\.gradle\caches\modules-2\files-2.1\org.springframework.data\spring-data-jpa\3.2.4\1932f90c487999575b57ad41986de96c8ebf5843\spring-data-jpa-3.2.4.jar;C:\Users\MICHAEL\.gradle\caches\modules-2\files-2.1\org.springframework\spring-as
Launcher Type: SUN_STANDARD

[Global flags]
     intx CICompilerCount                          = 4                                         {product} {ergonomic}
     uint ConcGCThreads                            = 3                                         {product} {ergonomic}
     uint G1ConcRefinementThreads                  = 10                                        {product} {ergonomic}
   size_t G1HeapRegionSize                         = 2097152                                   {product} {ergonomic}
    uintx GCDrainStackTargetSize                   = 64                                        {product} {ergonomic}
   size_t InitialHeapSize                          = 159383552                                 {product} {ergonomic}
   size_t MarkStackSize                            = 4194304                                   {product} {ergonomic}
   size_t MaxHeapSize                              = 2529165312                                {product} {ergonomic}
   size_t MaxNewSize                               = 1516240896                                {product} {ergonomic}
   size_t MinHeapDeltaBytes                        = 2097152                                   {product} {ergonomic}
   size_t MinHeapSize                              = 8388608                                   {product} {ergonomic}
    uintx NonNMethodCodeHeapSize                   = 5839372                                {pd product} {ergonomic}
    uintx NonProfiledCodeHeapSize                  = 122909434                              {pd product} {ergonomic}
    uintx ProfiledCodeHeapSize                     = 122909434                              {pd product} {ergonomic}
    uintx ReservedCodeCacheSize                    = 251658240                              {pd product} {ergonomic}
     bool SegmentedCodeCache                       = true                                      {product} {ergonomic}
     bool ShowCodeDetailsInExceptionMessages       = true                                   {manageable} {command line}
   size_t SoftMaxHeapSize                          = 2529165312                             {manageable} {ergonomic}
     bool UseCompressedClassPointers               = true                           {product lp64_product} {ergonomic}
     bool UseCompressedOops                        = true                           {product lp64_product} {ergonomic}
     bool UseG1GC                                  = true                                      {product} {ergonomic}
     bool UseLargePagesIndividualAllocation        = false                                  {pd product} {ergonomic}

Logging:
Log output configuration:
 #0: stdout all=warning uptime,level,tags
 #1: stderr all=off uptime,level,tags

Environment Variables:
PATH=C:/Program Files/eclipse-jee-2023-03-R-win32-x86_64/eclipse//plugins/org.eclipse.justj.openjdk.hotspot.jre.full.win32.x86_64_17.0.6.v20230204-1729/jre/bin/server;C:/Program Files/eclipse-jee-2023-03-R-win32-x86_64/eclipse//plugins/org.eclipse.justj.openjdk.hotspot.jre.full.win32.x86_64_17.0.6.v20230204-1729/jre/bin;C:\Program Files\Common Files\Oracle\Java\javapath;C:\Windows\system32;C:\Windows;C:\Windows\System32\Wbem;C:\Windows\System32\WindowsPowerShell\v1.0\;C:\Windows\System32\OpenSSH\;C:\Program Files (x86)\NVIDIA Corporation\PhysX\Common;C:\Program Files\NVIDIA Corporation\NVIDIA NvDLISR;C:\Program Files\Docker\Docker\resources\bin;C:\Program Files\nodejs\;C:\Program Files\Git\cmd;C:\Program Files\MySQL\MySQL Shell 8.0\bin\;C:\Users\MICHAEL\AppData\Local\Microsoft\WindowsApps;C:\Users\MICHAEL\AppData\Roaming\npm;C:\Users\MICHAEL\AppData\Local\Programs\Microsoft VS Code\bin;C:\Program Files\eclipse-jee-2023-03-R-win32-x86_64\eclipse;
USERNAME=MICHAEL
OS=Windows_NT
PROCESSOR_IDENTIFIER=AMD64 Family 23 Model 96 Stepping 1, AuthenticAMD
TMP=C:\Users\MICHAEL\AppData\Local\Temp
TEMP=C:\Users\MICHAEL\AppData\Local\Temp



---------------  S Y S T E M  ---------------

OS:
 Windows 10 , 64 bit Build 19041 (10.0.19041.928)
OS uptime: 0 days 15:47 hours
Hyper-V role detected

CPU: total 12 (initial active 12) (12 cores per cpu, 2 threads per core) family 23 model 96 stepping 1 microcode 0x0, cx8, cmov, fxsr, ht, mmx, 3dnowpref, sse, sse2, sse3, ssse3, sse4a, sse4.1, sse4.2, popcnt, lzcnt, tsc, tscinvbit, avx, avx2, aes, clmul, bmi1, bmi2, adx, sha, fma, vzeroupper, clflush, clflushopt, hv

Memory: 4k page, system-wide physical 9647M (572M free)
TotalPageFile size 39343M (AvailPageFile size 3M)
current process WorkingSet (physical memory assigned to process): 107M, peak: 107M
current process commit charge ("private bytes"): 268M, peak: 268M

vm_info: OpenJDK 64-Bit Server VM (17.0.6+10) for windows-amd64 JRE (17.0.6+10), built on Jan 18 2023 10:08:59 by "temurin" with MS VC++ 16.7 (VS2019)

END.
